{"level":"INFO","timestamp":"2025-08-29T16:32:36.116+0800","caller":"logger/logger.go:86","msg":"日志系统初始化成功"}
{"level":"INFO","timestamp":"2025-08-29T16:34:42.922+0800","caller":"logger/logger.go:86","msg":"启动AutoCodeWeb后端服务"}
{"level":"FATAL","timestamp":"2025-08-29T16:34:43.047+0800","caller":"logger/logger.go:107","msg":"连接数据库失败","error":"连接数据库失败: failed to connect to `host=localhost user=postgres database=autocodeweb`: failed SASL auth (\ufffd\ufffd\ufffd\ufffd\ufffd\ufffd\ufffd\ufffd: \ufffdû\ufffd \"postgres\" Password \ufffd\ufffd֤ʧ\ufffd\ufffd (SQLSTATE 28P01))","stacktrace":"autocodeweb-backend/pkg/logger.Fatal\n\tF:/AI/app-maker/backend/pkg/logger/logger.go:107\nmain.main\n\tF:/AI/app-maker/backend/cmd/server/main.go:59\nruntime.main\n\tC:/Program Files/Go/src/runtime/proc.go:283"}
{"level":"INFO","timestamp":"2025-08-29T08:51:23.182Z","caller":"logger/logger.go:86","msg":"启动AutoCodeWeb后端服务"}
{"level":"FATAL","timestamp":"2025-08-29T08:51:23.183Z","caller":"logger/logger.go:107","msg":"连接数据库失败","error":"连接数据库失败: failed to connect to `host=localhost user=postgres database=autocodeweb`: dial error (dial tcp [::1]:5432: connect: connection refused)","stacktrace":"autocodeweb-backend/pkg/logger.Fatal\n\t/app/pkg/logger/logger.go:107\nmain.main\n\t/app/cmd/server/main.go:59\nruntime.main\n\t/usr/local/go/src/runtime/proc.go:272"}
{"level":"INFO","timestamp":"2025-08-29T08:51:23.539Z","caller":"logger/logger.go:86","msg":"启动AutoCodeWeb后端服务"}
{"level":"FATAL","timestamp":"2025-08-29T08:51:23.540Z","caller":"logger/logger.go:107","msg":"连接数据库失败","error":"连接数据库失败: failed to connect to `host=localhost user=postgres database=autocodeweb`: dial error (dial tcp [::1]:5432: connect: connection refused)","stacktrace":"autocodeweb-backend/pkg/logger.Fatal\n\t/app/pkg/logger/logger.go:107\nmain.main\n\t/app/cmd/server/main.go:59\nruntime.main\n\t/usr/local/go/src/runtime/proc.go:272"}
{"level":"INFO","timestamp":"2025-08-29T08:51:23.961Z","caller":"logger/logger.go:86","msg":"启动AutoCodeWeb后端服务"}
{"level":"FATAL","timestamp":"2025-08-29T08:51:23.962Z","caller":"logger/logger.go:107","msg":"连接数据库失败","error":"连接数据库失败: failed to connect to `host=localhost user=postgres database=autocodeweb`: dial error (dial tcp [::1]:5432: connect: connection refused)","stacktrace":"autocodeweb-backend/pkg/logger.Fatal\n\t/app/pkg/logger/logger.go:107\nmain.main\n\t/app/cmd/server/main.go:59\nruntime.main\n\t/usr/local/go/src/runtime/proc.go:272"}
{"level":"INFO","timestamp":"2025-08-29T08:51:24.578Z","caller":"logger/logger.go:86","msg":"启动AutoCodeWeb后端服务"}
{"level":"FATAL","timestamp":"2025-08-29T08:51:24.579Z","caller":"logger/logger.go:107","msg":"连接数据库失败","error":"连接数据库失败: failed to connect to `host=localhost user=postgres database=autocodeweb`: dial error (dial tcp [::1]:5432: connect: connection refused)","stacktrace":"autocodeweb-backend/pkg/logger.Fatal\n\t/app/pkg/logger/logger.go:107\nmain.main\n\t/app/cmd/server/main.go:59\nruntime.main\n\t/usr/local/go/src/runtime/proc.go:272"}
{"level":"INFO","timestamp":"2025-08-29T08:51:25.572Z","caller":"logger/logger.go:86","msg":"启动AutoCodeWeb后端服务"}
{"level":"FATAL","timestamp":"2025-08-29T08:51:25.573Z","caller":"logger/logger.go:107","msg":"连接数据库失败","error":"连接数据库失败: failed to connect to `host=localhost user=postgres database=autocodeweb`: dial error (dial tcp [::1]:5432: connect: connection refused)","stacktrace":"autocodeweb-backend/pkg/logger.Fatal\n\t/app/pkg/logger/logger.go:107\nmain.main\n\t/app/cmd/server/main.go:59\nruntime.main\n\t/usr/local/go/src/runtime/proc.go:272"}
{"level":"INFO","timestamp":"2025-08-29T08:51:27.352Z","caller":"logger/logger.go:86","msg":"启动AutoCodeWeb后端服务"}
{"level":"FATAL","timestamp":"2025-08-29T08:51:27.353Z","caller":"logger/logger.go:107","msg":"连接数据库失败","error":"连接数据库失败: failed to connect to `host=localhost user=postgres database=autocodeweb`: dial error (dial tcp [::1]:5432: connect: connection refused)","stacktrace":"autocodeweb-backend/pkg/logger.Fatal\n\t/app/pkg/logger/logger.go:107\nmain.main\n\t/app/cmd/server/main.go:59\nruntime.main\n\t/usr/local/go/src/runtime/proc.go:272"}
{"level":"INFO","timestamp":"2025-08-29T08:51:30.787Z","caller":"logger/logger.go:86","msg":"启动AutoCodeWeb后端服务"}
{"level":"FATAL","timestamp":"2025-08-29T08:51:30.788Z","caller":"logger/logger.go:107","msg":"连接数据库失败","error":"连接数据库失败: failed to connect to `host=localhost user=postgres database=autocodeweb`: dial error (dial tcp [::1]:5432: connect: connection refused)","stacktrace":"autocodeweb-backend/pkg/logger.Fatal\n\t/app/pkg/logger/logger.go:107\nmain.main\n\t/app/cmd/server/main.go:59\nruntime.main\n\t/usr/local/go/src/runtime/proc.go:272"}
{"level":"INFO","timestamp":"2025-08-29T08:51:37.384Z","caller":"logger/logger.go:86","msg":"启动AutoCodeWeb后端服务"}
{"level":"FATAL","timestamp":"2025-08-29T08:51:37.385Z","caller":"logger/logger.go:107","msg":"连接数据库失败","error":"连接数据库失败: failed to connect to `host=localhost user=postgres database=autocodeweb`: dial error (dial tcp [::1]:5432: connect: connection refused)","stacktrace":"autocodeweb-backend/pkg/logger.Fatal\n\t/app/pkg/logger/logger.go:107\nmain.main\n\t/app/cmd/server/main.go:59\nruntime.main\n\t/usr/local/go/src/runtime/proc.go:272"}
{"level":"INFO","timestamp":"2025-08-29T08:51:50.388Z","caller":"logger/logger.go:86","msg":"启动AutoCodeWeb后端服务"}
{"level":"FATAL","timestamp":"2025-08-29T08:51:50.389Z","caller":"logger/logger.go:107","msg":"连接数据库失败","error":"连接数据库失败: failed to connect to `host=localhost user=postgres database=autocodeweb`: dial error (dial tcp [::1]:5432: connect: connection refused)","stacktrace":"autocodeweb-backend/pkg/logger.Fatal\n\t/app/pkg/logger/logger.go:107\nmain.main\n\t/app/cmd/server/main.go:59\nruntime.main\n\t/usr/local/go/src/runtime/proc.go:272"}
{"level":"INFO","timestamp":"2025-08-29T08:52:16.204Z","caller":"logger/logger.go:86","msg":"启动AutoCodeWeb后端服务"}
{"level":"FATAL","timestamp":"2025-08-29T08:52:16.205Z","caller":"logger/logger.go:107","msg":"连接数据库失败","error":"连接数据库失败: failed to connect to `host=localhost user=postgres database=autocodeweb`: dial error (dial tcp [::1]:5432: connect: connection refused)","stacktrace":"autocodeweb-backend/pkg/logger.Fatal\n\t/app/pkg/logger/logger.go:107\nmain.main\n\t/app/cmd/server/main.go:59\nruntime.main\n\t/usr/local/go/src/runtime/proc.go:272"}
{"level":"INFO","timestamp":"2025-08-29T08:52:49.890Z","caller":"logger/logger.go:86","msg":"启动AutoCodeWeb后端服务"}
{"level":"FATAL","timestamp":"2025-08-29T08:52:49.894Z","caller":"logger/logger.go:107","msg":"连接数据库失败","error":"连接数据库失败: failed to connect to `host=postgres user=postgres database=autocodeweb`: failed SASL auth (FATAL: password authentication failed for user \"postgres\" (SQLSTATE 28P01))","stacktrace":"autocodeweb-backend/pkg/logger.Fatal\n\t/app/pkg/logger/logger.go:107\nmain.main\n\t/app/cmd/server/main.go:59\nruntime.main\n\t/usr/local/go/src/runtime/proc.go:272"}
{"level":"INFO","timestamp":"2025-08-29T08:52:50.276Z","caller":"logger/logger.go:86","msg":"启动AutoCodeWeb后端服务"}
{"level":"FATAL","timestamp":"2025-08-29T08:52:50.280Z","caller":"logger/logger.go:107","msg":"连接数据库失败","error":"连接数据库失败: failed to connect to `host=postgres user=postgres database=autocodeweb`: failed SASL auth (FATAL: password authentication failed for user \"postgres\" (SQLSTATE 28P01))","stacktrace":"autocodeweb-backend/pkg/logger.Fatal\n\t/app/pkg/logger/logger.go:107\nmain.main\n\t/app/cmd/server/main.go:59\nruntime.main\n\t/usr/local/go/src/runtime/proc.go:272"}
{"level":"INFO","timestamp":"2025-08-29T08:52:50.687Z","caller":"logger/logger.go:86","msg":"启动AutoCodeWeb后端服务"}
{"level":"FATAL","timestamp":"2025-08-29T08:52:50.691Z","caller":"logger/logger.go:107","msg":"连接数据库失败","error":"连接数据库失败: failed to connect to `host=postgres user=postgres database=autocodeweb`: failed SASL auth (FATAL: password authentication failed for user \"postgres\" (SQLSTATE 28P01))","stacktrace":"autocodeweb-backend/pkg/logger.Fatal\n\t/app/pkg/logger/logger.go:107\nmain.main\n\t/app/cmd/server/main.go:59\nruntime.main\n\t/usr/local/go/src/runtime/proc.go:272"}
{"level":"INFO","timestamp":"2025-08-29T08:52:51.276Z","caller":"logger/logger.go:86","msg":"启动AutoCodeWeb后端服务"}
{"level":"FATAL","timestamp":"2025-08-29T08:52:51.280Z","caller":"logger/logger.go:107","msg":"连接数据库失败","error":"连接数据库失败: failed to connect to `host=postgres user=postgres database=autocodeweb`: failed SASL auth (FATAL: password authentication failed for user \"postgres\" (SQLSTATE 28P01))","stacktrace":"autocodeweb-backend/pkg/logger.Fatal\n\t/app/pkg/logger/logger.go:107\nmain.main\n\t/app/cmd/server/main.go:59\nruntime.main\n\t/usr/local/go/src/runtime/proc.go:272"}
{"level":"INFO","timestamp":"2025-08-29T08:52:52.271Z","caller":"logger/logger.go:86","msg":"启动AutoCodeWeb后端服务"}
{"level":"FATAL","timestamp":"2025-08-29T08:52:52.275Z","caller":"logger/logger.go:107","msg":"连接数据库失败","error":"连接数据库失败: failed to connect to `host=postgres user=postgres database=autocodeweb`: failed SASL auth (FATAL: password authentication failed for user \"postgres\" (SQLSTATE 28P01))","stacktrace":"autocodeweb-backend/pkg/logger.Fatal\n\t/app/pkg/logger/logger.go:107\nmain.main\n\t/app/cmd/server/main.go:59\nruntime.main\n\t/usr/local/go/src/runtime/proc.go:272"}
{"level":"INFO","timestamp":"2025-08-29T08:52:54.064Z","caller":"logger/logger.go:86","msg":"启动AutoCodeWeb后端服务"}
{"level":"FATAL","timestamp":"2025-08-29T08:52:54.068Z","caller":"logger/logger.go:107","msg":"连接数据库失败","error":"连接数据库失败: failed to connect to `host=postgres user=postgres database=autocodeweb`: failed SASL auth (FATAL: password authentication failed for user \"postgres\" (SQLSTATE 28P01))","stacktrace":"autocodeweb-backend/pkg/logger.Fatal\n\t/app/pkg/logger/logger.go:107\nmain.main\n\t/app/cmd/server/main.go:59\nruntime.main\n\t/usr/local/go/src/runtime/proc.go:272"}
{"level":"INFO","timestamp":"2025-08-29T08:52:57.458Z","caller":"logger/logger.go:86","msg":"启动AutoCodeWeb后端服务"}
{"level":"FATAL","timestamp":"2025-08-29T08:52:57.462Z","caller":"logger/logger.go:107","msg":"连接数据库失败","error":"连接数据库失败: failed to connect to `host=postgres user=postgres database=autocodeweb`: failed SASL auth (FATAL: password authentication failed for user \"postgres\" (SQLSTATE 28P01))","stacktrace":"autocodeweb-backend/pkg/logger.Fatal\n\t/app/pkg/logger/logger.go:107\nmain.main\n\t/app/cmd/server/main.go:59\nruntime.main\n\t/usr/local/go/src/runtime/proc.go:272"}
{"level":"INFO","timestamp":"2025-08-29T08:53:04.047Z","caller":"logger/logger.go:86","msg":"启动AutoCodeWeb后端服务"}
{"level":"FATAL","timestamp":"2025-08-29T08:53:04.051Z","caller":"logger/logger.go:107","msg":"连接数据库失败","error":"连接数据库失败: failed to connect to `host=postgres user=postgres database=autocodeweb`: failed SASL auth (FATAL: password authentication failed for user \"postgres\" (SQLSTATE 28P01))","stacktrace":"autocodeweb-backend/pkg/logger.Fatal\n\t/app/pkg/logger/logger.go:107\nmain.main\n\t/app/cmd/server/main.go:59\nruntime.main\n\t/usr/local/go/src/runtime/proc.go:272"}
{"level":"INFO","timestamp":"2025-08-29T08:53:17.070Z","caller":"logger/logger.go:86","msg":"启动AutoCodeWeb后端服务"}
{"level":"FATAL","timestamp":"2025-08-29T08:53:17.074Z","caller":"logger/logger.go:107","msg":"连接数据库失败","error":"连接数据库失败: failed to connect to `host=postgres user=postgres database=autocodeweb`: failed SASL auth (FATAL: password authentication failed for user \"postgres\" (SQLSTATE 28P01))","stacktrace":"autocodeweb-backend/pkg/logger.Fatal\n\t/app/pkg/logger/logger.go:107\nmain.main\n\t/app/cmd/server/main.go:59\nruntime.main\n\t/usr/local/go/src/runtime/proc.go:272"}
{"level":"INFO","timestamp":"2025-08-29T08:53:42.932Z","caller":"logger/logger.go:86","msg":"启动AutoCodeWeb后端服务"}
{"level":"FATAL","timestamp":"2025-08-29T08:53:42.935Z","caller":"logger/logger.go:107","msg":"连接数据库失败","error":"连接数据库失败: failed to connect to `host=postgres user=postgres database=autocodeweb`: failed SASL auth (FATAL: password authentication failed for user \"postgres\" (SQLSTATE 28P01))","stacktrace":"autocodeweb-backend/pkg/logger.Fatal\n\t/app/pkg/logger/logger.go:107\nmain.main\n\t/app/cmd/server/main.go:59\nruntime.main\n\t/usr/local/go/src/runtime/proc.go:272"}
{"level":"INFO","timestamp":"2025-08-29T08:54:34.308Z","caller":"logger/logger.go:86","msg":"启动AutoCodeWeb后端服务"}
{"level":"FATAL","timestamp":"2025-08-29T08:54:34.312Z","caller":"logger/logger.go:107","msg":"连接数据库失败","error":"连接数据库失败: failed to connect to `host=postgres user=postgres database=autocodeweb`: failed SASL auth (FATAL: password authentication failed for user \"postgres\" (SQLSTATE 28P01))","stacktrace":"autocodeweb-backend/pkg/logger.Fatal\n\t/app/pkg/logger/logger.go:107\nmain.main\n\t/app/cmd/server/main.go:59\nruntime.main\n\t/usr/local/go/src/runtime/proc.go:272"}
{"level":"INFO","timestamp":"2025-08-29T08:55:34.537Z","caller":"logger/logger.go:86","msg":"启动AutoCodeWeb后端服务"}
{"level":"FATAL","timestamp":"2025-08-29T08:55:34.541Z","caller":"logger/logger.go:107","msg":"连接数据库失败","error":"连接数据库失败: failed to connect to `host=postgres user=postgres database=autocodeweb`: failed SASL auth (FATAL: password authentication failed for user \"postgres\" (SQLSTATE 28P01))","stacktrace":"autocodeweb-backend/pkg/logger.Fatal\n\t/app/pkg/logger/logger.go:107\nmain.main\n\t/app/cmd/server/main.go:59\nruntime.main\n\t/usr/local/go/src/runtime/proc.go:272"}
{"level":"INFO","timestamp":"2025-08-29T08:56:34.717Z","caller":"logger/logger.go:86","msg":"启动AutoCodeWeb后端服务"}
{"level":"FATAL","timestamp":"2025-08-29T08:56:34.720Z","caller":"logger/logger.go:107","msg":"连接数据库失败","error":"连接数据库失败: failed to connect to `host=postgres user=postgres database=autocodeweb`: failed SASL auth (FATAL: password authentication failed for user \"postgres\" (SQLSTATE 28P01))","stacktrace":"autocodeweb-backend/pkg/logger.Fatal\n\t/app/pkg/logger/logger.go:107\nmain.main\n\t/app/cmd/server/main.go:59\nruntime.main\n\t/usr/local/go/src/runtime/proc.go:272"}
{"level":"INFO","timestamp":"2025-08-29T08:57:34.905Z","caller":"logger/logger.go:86","msg":"启动AutoCodeWeb后端服务"}
{"level":"FATAL","timestamp":"2025-08-29T08:57:34.909Z","caller":"logger/logger.go:107","msg":"连接数据库失败","error":"连接数据库失败: failed to connect to `host=postgres user=postgres database=autocodeweb`: failed SASL auth (FATAL: password authentication failed for user \"postgres\" (SQLSTATE 28P01))","stacktrace":"autocodeweb-backend/pkg/logger.Fatal\n\t/app/pkg/logger/logger.go:107\nmain.main\n\t/app/cmd/server/main.go:59\nruntime.main\n\t/usr/local/go/src/runtime/proc.go:272"}
{"level":"INFO","timestamp":"2025-08-29T08:58:35.066Z","caller":"logger/logger.go:86","msg":"启动AutoCodeWeb后端服务"}
{"level":"FATAL","timestamp":"2025-08-29T08:58:35.072Z","caller":"logger/logger.go:107","msg":"连接数据库失败","error":"连接数据库失败: failed to connect to `host=postgres user=postgres database=autocodeweb`: failed SASL auth (FATAL: password authentication failed for user \"postgres\" (SQLSTATE 28P01))","stacktrace":"autocodeweb-backend/pkg/logger.Fatal\n\t/app/pkg/logger/logger.go:107\nmain.main\n\t/app/cmd/server/main.go:59\nruntime.main\n\t/usr/local/go/src/runtime/proc.go:272"}
{"level":"INFO","timestamp":"2025-08-29T08:59:48.835Z","caller":"logger/logger.go:86","msg":"启动AutoCodeWeb后端服务"}
{"level":"FATAL","timestamp":"2025-08-29T08:59:48.839Z","caller":"logger/logger.go:107","msg":"连接数据库失败","error":"连接数据库失败: failed to connect to `host=postgres user=postgres database=autocodeweb`: failed SASL auth (FATAL: password authentication failed for user \"postgres\" (SQLSTATE 28P01))","stacktrace":"autocodeweb-backend/pkg/logger.Fatal\n\t/app/pkg/logger/logger.go:107\nmain.main\n\t/app/cmd/server/main.go:59\nruntime.main\n\t/usr/local/go/src/runtime/proc.go:272"}
{"level":"INFO","timestamp":"2025-08-29T08:59:49.229Z","caller":"logger/logger.go:86","msg":"启动AutoCodeWeb后端服务"}
{"level":"FATAL","timestamp":"2025-08-29T08:59:49.232Z","caller":"logger/logger.go:107","msg":"连接数据库失败","error":"连接数据库失败: failed to connect to `host=postgres user=postgres database=autocodeweb`: failed SASL auth (FATAL: password authentication failed for user \"postgres\" (SQLSTATE 28P01))","stacktrace":"autocodeweb-backend/pkg/logger.Fatal\n\t/app/pkg/logger/logger.go:107\nmain.main\n\t/app/cmd/server/main.go:59\nruntime.main\n\t/usr/local/go/src/runtime/proc.go:272"}
{"level":"INFO","timestamp":"2025-08-29T08:59:49.641Z","caller":"logger/logger.go:86","msg":"启动AutoCodeWeb后端服务"}
{"level":"FATAL","timestamp":"2025-08-29T08:59:49.644Z","caller":"logger/logger.go:107","msg":"连接数据库失败","error":"连接数据库失败: failed to connect to `host=postgres user=postgres database=autocodeweb`: failed SASL auth (FATAL: password authentication failed for user \"postgres\" (SQLSTATE 28P01))","stacktrace":"autocodeweb-backend/pkg/logger.Fatal\n\t/app/pkg/logger/logger.go:107\nmain.main\n\t/app/cmd/server/main.go:59\nruntime.main\n\t/usr/local/go/src/runtime/proc.go:272"}
{"level":"INFO","timestamp":"2025-08-29T08:59:50.246Z","caller":"logger/logger.go:86","msg":"启动AutoCodeWeb后端服务"}
{"level":"FATAL","timestamp":"2025-08-29T08:59:50.250Z","caller":"logger/logger.go:107","msg":"连接数据库失败","error":"连接数据库失败: failed to connect to `host=postgres user=postgres database=autocodeweb`: failed SASL auth (FATAL: password authentication failed for user \"postgres\" (SQLSTATE 28P01))","stacktrace":"autocodeweb-backend/pkg/logger.Fatal\n\t/app/pkg/logger/logger.go:107\nmain.main\n\t/app/cmd/server/main.go:59\nruntime.main\n\t/usr/local/go/src/runtime/proc.go:272"}
{"level":"INFO","timestamp":"2025-08-29T08:59:51.243Z","caller":"logger/logger.go:86","msg":"启动AutoCodeWeb后端服务"}
{"level":"FATAL","timestamp":"2025-08-29T08:59:51.246Z","caller":"logger/logger.go:107","msg":"连接数据库失败","error":"连接数据库失败: failed to connect to `host=postgres user=postgres database=autocodeweb`: failed SASL auth (FATAL: password authentication failed for user \"postgres\" (SQLSTATE 28P01))","stacktrace":"autocodeweb-backend/pkg/logger.Fatal\n\t/app/pkg/logger/logger.go:107\nmain.main\n\t/app/cmd/server/main.go:59\nruntime.main\n\t/usr/local/go/src/runtime/proc.go:272"}
{"level":"INFO","timestamp":"2025-08-29T08:59:53.029Z","caller":"logger/logger.go:86","msg":"启动AutoCodeWeb后端服务"}
{"level":"FATAL","timestamp":"2025-08-29T08:59:53.032Z","caller":"logger/logger.go:107","msg":"连接数据库失败","error":"连接数据库失败: failed to connect to `host=postgres user=postgres database=autocodeweb`: failed SASL auth (FATAL: password authentication failed for user \"postgres\" (SQLSTATE 28P01))","stacktrace":"autocodeweb-backend/pkg/logger.Fatal\n\t/app/pkg/logger/logger.go:107\nmain.main\n\t/app/cmd/server/main.go:59\nruntime.main\n\t/usr/local/go/src/runtime/proc.go:272"}
{"level":"INFO","timestamp":"2025-08-29T08:59:56.430Z","caller":"logger/logger.go:86","msg":"启动AutoCodeWeb后端服务"}
{"level":"FATAL","timestamp":"2025-08-29T08:59:56.433Z","caller":"logger/logger.go:107","msg":"连接数据库失败","error":"连接数据库失败: failed to connect to `host=postgres user=postgres database=autocodeweb`: failed SASL auth (FATAL: password authentication failed for user \"postgres\" (SQLSTATE 28P01))","stacktrace":"autocodeweb-backend/pkg/logger.Fatal\n\t/app/pkg/logger/logger.go:107\nmain.main\n\t/app/cmd/server/main.go:59\nruntime.main\n\t/usr/local/go/src/runtime/proc.go:272"}
{"level":"INFO","timestamp":"2025-08-29T09:00:03.020Z","caller":"logger/logger.go:86","msg":"启动AutoCodeWeb后端服务"}
{"level":"FATAL","timestamp":"2025-08-29T09:00:03.023Z","caller":"logger/logger.go:107","msg":"连接数据库失败","error":"连接数据库失败: failed to connect to `host=postgres user=postgres database=autocodeweb`: failed SASL auth (FATAL: password authentication failed for user \"postgres\" (SQLSTATE 28P01))","stacktrace":"autocodeweb-backend/pkg/logger.Fatal\n\t/app/pkg/logger/logger.go:107\nmain.main\n\t/app/cmd/server/main.go:59\nruntime.main\n\t/usr/local/go/src/runtime/proc.go:272"}
{"level":"INFO","timestamp":"2025-08-29T09:00:15.998Z","caller":"logger/logger.go:86","msg":"启动AutoCodeWeb后端服务"}
{"level":"FATAL","timestamp":"2025-08-29T09:00:16.001Z","caller":"logger/logger.go:107","msg":"连接数据库失败","error":"连接数据库失败: failed to connect to `host=postgres user=postgres database=autocodeweb`: failed SASL auth (FATAL: password authentication failed for user \"postgres\" (SQLSTATE 28P01))","stacktrace":"autocodeweb-backend/pkg/logger.Fatal\n\t/app/pkg/logger/logger.go:107\nmain.main\n\t/app/cmd/server/main.go:59\nruntime.main\n\t/usr/local/go/src/runtime/proc.go:272"}
{"level":"INFO","timestamp":"2025-08-29T09:00:41.826Z","caller":"logger/logger.go:86","msg":"启动AutoCodeWeb后端服务"}
{"level":"FATAL","timestamp":"2025-08-29T09:00:41.830Z","caller":"logger/logger.go:107","msg":"连接数据库失败","error":"连接数据库失败: failed to connect to `host=postgres user=postgres database=autocodeweb`: failed SASL auth (FATAL: password authentication failed for user \"postgres\" (SQLSTATE 28P01))","stacktrace":"autocodeweb-backend/pkg/logger.Fatal\n\t/app/pkg/logger/logger.go:107\nmain.main\n\t/app/cmd/server/main.go:59\nruntime.main\n\t/usr/local/go/src/runtime/proc.go:272"}
{"level":"INFO","timestamp":"2025-08-29T09:01:33.200Z","caller":"logger/logger.go:86","msg":"启动AutoCodeWeb后端服务"}
{"level":"FATAL","timestamp":"2025-08-29T09:01:33.204Z","caller":"logger/logger.go:107","msg":"连接数据库失败","error":"连接数据库失败: failed to connect to `host=postgres user=postgres database=autocodeweb`: failed SASL auth (FATAL: password authentication failed for user \"postgres\" (SQLSTATE 28P01))","stacktrace":"autocodeweb-backend/pkg/logger.Fatal\n\t/app/pkg/logger/logger.go:107\nmain.main\n\t/app/cmd/server/main.go:59\nruntime.main\n\t/usr/local/go/src/runtime/proc.go:272"}
{"level":"INFO","timestamp":"2025-08-29T09:02:33.381Z","caller":"logger/logger.go:86","msg":"启动AutoCodeWeb后端服务"}
{"level":"FATAL","timestamp":"2025-08-29T09:02:33.384Z","caller":"logger/logger.go:107","msg":"连接数据库失败","error":"连接数据库失败: failed to connect to `host=postgres user=postgres database=autocodeweb`: failed SASL auth (FATAL: password authentication failed for user \"postgres\" (SQLSTATE 28P01))","stacktrace":"autocodeweb-backend/pkg/logger.Fatal\n\t/app/pkg/logger/logger.go:107\nmain.main\n\t/app/cmd/server/main.go:59\nruntime.main\n\t/usr/local/go/src/runtime/proc.go:272"}
{"level":"INFO","timestamp":"2025-08-29T09:02:44.972Z","caller":"logger/logger.go:86","msg":"启动AutoCodeWeb后端服务"}
{"level":"FATAL","timestamp":"2025-08-29T09:02:44.976Z","caller":"logger/logger.go:107","msg":"连接数据库失败","error":"连接数据库失败: failed to connect to `host=postgres user=postgres database=autocodeweb`: failed SASL auth (FATAL: password authentication failed for user \"postgres\" (SQLSTATE 28P01))","stacktrace":"autocodeweb-backend/pkg/logger.Fatal\n\t/app/pkg/logger/logger.go:107\nmain.main\n\t/app/cmd/server/main.go:59\nruntime.main\n\t/usr/local/go/src/runtime/proc.go:272"}
{"level":"INFO","timestamp":"2025-08-29T09:02:45.411Z","caller":"logger/logger.go:86","msg":"启动AutoCodeWeb后端服务"}
{"level":"FATAL","timestamp":"2025-08-29T09:02:45.414Z","caller":"logger/logger.go:107","msg":"连接数据库失败","error":"连接数据库失败: failed to connect to `host=postgres user=postgres database=autocodeweb`: failed SASL auth (FATAL: password authentication failed for user \"postgres\" (SQLSTATE 28P01))","stacktrace":"autocodeweb-backend/pkg/logger.Fatal\n\t/app/pkg/logger/logger.go:107\nmain.main\n\t/app/cmd/server/main.go:59\nruntime.main\n\t/usr/local/go/src/runtime/proc.go:272"}
{"level":"INFO","timestamp":"2025-08-29T09:02:45.799Z","caller":"logger/logger.go:86","msg":"启动AutoCodeWeb后端服务"}
{"level":"FATAL","timestamp":"2025-08-29T09:02:45.803Z","caller":"logger/logger.go:107","msg":"连接数据库失败","error":"连接数据库失败: failed to connect to `host=postgres user=postgres database=autocodeweb`: failed SASL auth (FATAL: password authentication failed for user \"postgres\" (SQLSTATE 28P01))","stacktrace":"autocodeweb-backend/pkg/logger.Fatal\n\t/app/pkg/logger/logger.go:107\nmain.main\n\t/app/cmd/server/main.go:59\nruntime.main\n\t/usr/local/go/src/runtime/proc.go:272"}
{"level":"INFO","timestamp":"2025-08-29T09:02:46.412Z","caller":"logger/logger.go:86","msg":"启动AutoCodeWeb后端服务"}
{"level":"FATAL","timestamp":"2025-08-29T09:02:46.416Z","caller":"logger/logger.go:107","msg":"连接数据库失败","error":"连接数据库失败: failed to connect to `host=postgres user=postgres database=autocodeweb`: failed SASL auth (FATAL: password authentication failed for user \"postgres\" (SQLSTATE 28P01))","stacktrace":"autocodeweb-backend/pkg/logger.Fatal\n\t/app/pkg/logger/logger.go:107\nmain.main\n\t/app/cmd/server/main.go:59\nruntime.main\n\t/usr/local/go/src/runtime/proc.go:272"}
{"level":"INFO","timestamp":"2025-08-29T09:02:47.454Z","caller":"logger/logger.go:86","msg":"启动AutoCodeWeb后端服务"}
{"level":"FATAL","timestamp":"2025-08-29T09:02:47.458Z","caller":"logger/logger.go:107","msg":"连接数据库失败","error":"连接数据库失败: failed to connect to `host=postgres user=postgres database=autocodeweb`: failed SASL auth (FATAL: password authentication failed for user \"postgres\" (SQLSTATE 28P01))","stacktrace":"autocodeweb-backend/pkg/logger.Fatal\n\t/app/pkg/logger/logger.go:107\nmain.main\n\t/app/cmd/server/main.go:59\nruntime.main\n\t/usr/local/go/src/runtime/proc.go:272"}
{"level":"INFO","timestamp":"2025-08-29T09:02:49.264Z","caller":"logger/logger.go:86","msg":"启动AutoCodeWeb后端服务"}
{"level":"FATAL","timestamp":"2025-08-29T09:02:49.267Z","caller":"logger/logger.go:107","msg":"连接数据库失败","error":"连接数据库失败: failed to connect to `host=postgres user=postgres database=autocodeweb`: failed SASL auth (FATAL: password authentication failed for user \"postgres\" (SQLSTATE 28P01))","stacktrace":"autocodeweb-backend/pkg/logger.Fatal\n\t/app/pkg/logger/logger.go:107\nmain.main\n\t/app/cmd/server/main.go:59\nruntime.main\n\t/usr/local/go/src/runtime/proc.go:272"}
{"level":"INFO","timestamp":"2025-08-29T09:02:52.692Z","caller":"logger/logger.go:86","msg":"启动AutoCodeWeb后端服务"}
{"level":"FATAL","timestamp":"2025-08-29T09:02:52.695Z","caller":"logger/logger.go:107","msg":"连接数据库失败","error":"连接数据库失败: failed to connect to `host=postgres user=postgres database=autocodeweb`: failed SASL auth (FATAL: password authentication failed for user \"postgres\" (SQLSTATE 28P01))","stacktrace":"autocodeweb-backend/pkg/logger.Fatal\n\t/app/pkg/logger/logger.go:107\nmain.main\n\t/app/cmd/server/main.go:59\nruntime.main\n\t/usr/local/go/src/runtime/proc.go:272"}
{"level":"INFO","timestamp":"2025-08-29T09:02:59.317Z","caller":"logger/logger.go:86","msg":"启动AutoCodeWeb后端服务"}
{"level":"FATAL","timestamp":"2025-08-29T09:02:59.320Z","caller":"logger/logger.go:107","msg":"连接数据库失败","error":"连接数据库失败: failed to connect to `host=postgres user=postgres database=autocodeweb`: failed SASL auth (FATAL: password authentication failed for user \"postgres\" (SQLSTATE 28P01))","stacktrace":"autocodeweb-backend/pkg/logger.Fatal\n\t/app/pkg/logger/logger.go:107\nmain.main\n\t/app/cmd/server/main.go:59\nruntime.main\n\t/usr/local/go/src/runtime/proc.go:272"}
{"level":"INFO","timestamp":"2025-08-29T09:03:12.340Z","caller":"logger/logger.go:86","msg":"启动AutoCodeWeb后端服务"}
{"level":"FATAL","timestamp":"2025-08-29T09:03:12.343Z","caller":"logger/logger.go:107","msg":"连接数据库失败","error":"连接数据库失败: failed to connect to `host=postgres user=postgres database=autocodeweb`: failed SASL auth (FATAL: password authentication failed for user \"postgres\" (SQLSTATE 28P01))","stacktrace":"autocodeweb-backend/pkg/logger.Fatal\n\t/app/pkg/logger/logger.go:107\nmain.main\n\t/app/cmd/server/main.go:59\nruntime.main\n\t/usr/local/go/src/runtime/proc.go:272"}
{"level":"INFO","timestamp":"2025-08-29T09:03:38.110Z","caller":"logger/logger.go:86","msg":"启动AutoCodeWeb后端服务"}
{"level":"FATAL","timestamp":"2025-08-29T09:03:38.113Z","caller":"logger/logger.go:107","msg":"连接数据库失败","error":"连接数据库失败: failed to connect to `host=postgres user=postgres database=autocodeweb`: failed SASL auth (FATAL: password authentication failed for user \"postgres\" (SQLSTATE 28P01))","stacktrace":"autocodeweb-backend/pkg/logger.Fatal\n\t/app/pkg/logger/logger.go:107\nmain.main\n\t/app/cmd/server/main.go:59\nruntime.main\n\t/usr/local/go/src/runtime/proc.go:272"}
{"level":"INFO","timestamp":"2025-08-29T09:04:29.513Z","caller":"logger/logger.go:86","msg":"启动AutoCodeWeb后端服务"}
{"level":"FATAL","timestamp":"2025-08-29T09:04:29.517Z","caller":"logger/logger.go:107","msg":"连接数据库失败","error":"连接数据库失败: failed to connect to `host=postgres user=postgres database=autocodeweb`: failed SASL auth (FATAL: password authentication failed for user \"postgres\" (SQLSTATE 28P01))","stacktrace":"autocodeweb-backend/pkg/logger.Fatal\n\t/app/pkg/logger/logger.go:107\nmain.main\n\t/app/cmd/server/main.go:59\nruntime.main\n\t/usr/local/go/src/runtime/proc.go:272"}
{"level":"INFO","timestamp":"2025-08-29T09:05:29.722Z","caller":"logger/logger.go:86","msg":"启动AutoCodeWeb后端服务"}
{"level":"FATAL","timestamp":"2025-08-29T09:05:29.727Z","caller":"logger/logger.go:107","msg":"连接数据库失败","error":"连接数据库失败: failed to connect to `host=postgres user=postgres database=autocodeweb`: failed SASL auth (FATAL: password authentication failed for user \"postgres\" (SQLSTATE 28P01))","stacktrace":"autocodeweb-backend/pkg/logger.Fatal\n\t/app/pkg/logger/logger.go:107\nmain.main\n\t/app/cmd/server/main.go:59\nruntime.main\n\t/usr/local/go/src/runtime/proc.go:272"}
{"level":"INFO","timestamp":"2025-08-29T09:05:48.978Z","caller":"logger/logger.go:86","msg":"启动AutoCodeWeb后端服务"}
{"level":"FATAL","timestamp":"2025-08-29T09:05:48.981Z","caller":"logger/logger.go:107","msg":"连接数据库失败","error":"连接数据库失败: failed to connect to `host=postgres user=postgres database=autocodeweb`: failed SASL auth (FATAL: password authentication failed for user \"postgres\" (SQLSTATE 28P01))","stacktrace":"autocodeweb-backend/pkg/logger.Fatal\n\t/app/pkg/logger/logger.go:107\nmain.main\n\t/app/cmd/server/main.go:59\nruntime.main\n\t/usr/local/go/src/runtime/proc.go:272"}
{"level":"INFO","timestamp":"2025-08-29T09:05:49.713Z","caller":"logger/logger.go:86","msg":"启动AutoCodeWeb后端服务"}
{"level":"FATAL","timestamp":"2025-08-29T09:05:49.717Z","caller":"logger/logger.go:107","msg":"连接数据库失败","error":"连接数据库失败: failed to connect to `host=postgres user=postgres database=autocodeweb`: failed SASL auth (FATAL: password authentication failed for user \"postgres\" (SQLSTATE 28P01))","stacktrace":"autocodeweb-backend/pkg/logger.Fatal\n\t/app/pkg/logger/logger.go:107\nmain.main\n\t/app/cmd/server/main.go:59\nruntime.main\n\t/usr/local/go/src/runtime/proc.go:272"}
{"level":"INFO","timestamp":"2025-08-29T09:05:50.127Z","caller":"logger/logger.go:86","msg":"启动AutoCodeWeb后端服务"}
{"level":"FATAL","timestamp":"2025-08-29T09:05:50.130Z","caller":"logger/logger.go:107","msg":"连接数据库失败","error":"连接数据库失败: failed to connect to `host=postgres user=postgres database=autocodeweb`: failed SASL auth (FATAL: password authentication failed for user \"postgres\" (SQLSTATE 28P01))","stacktrace":"autocodeweb-backend/pkg/logger.Fatal\n\t/app/pkg/logger/logger.go:107\nmain.main\n\t/app/cmd/server/main.go:59\nruntime.main\n\t/usr/local/go/src/runtime/proc.go:272"}
{"level":"INFO","timestamp":"2025-08-29T09:05:50.714Z","caller":"logger/logger.go:86","msg":"启动AutoCodeWeb后端服务"}
{"level":"FATAL","timestamp":"2025-08-29T09:05:50.719Z","caller":"logger/logger.go:107","msg":"连接数据库失败","error":"连接数据库失败: failed to connect to `host=postgres user=postgres database=autocodeweb`: failed SASL auth (FATAL: password authentication failed for user \"postgres\" (SQLSTATE 28P01))","stacktrace":"autocodeweb-backend/pkg/logger.Fatal\n\t/app/pkg/logger/logger.go:107\nmain.main\n\t/app/cmd/server/main.go:59\nruntime.main\n\t/usr/local/go/src/runtime/proc.go:272"}
{"level":"INFO","timestamp":"2025-08-29T09:05:51.729Z","caller":"logger/logger.go:86","msg":"启动AutoCodeWeb后端服务"}
{"level":"FATAL","timestamp":"2025-08-29T09:05:51.734Z","caller":"logger/logger.go:107","msg":"连接数据库失败","error":"连接数据库失败: failed to connect to `host=postgres user=postgres database=autocodeweb`: failed SASL auth (FATAL: password authentication failed for user \"postgres\" (SQLSTATE 28P01))","stacktrace":"autocodeweb-backend/pkg/logger.Fatal\n\t/app/pkg/logger/logger.go:107\nmain.main\n\t/app/cmd/server/main.go:59\nruntime.main\n\t/usr/local/go/src/runtime/proc.go:272"}
{"level":"INFO","timestamp":"2025-08-29T09:05:53.520Z","caller":"logger/logger.go:86","msg":"启动AutoCodeWeb后端服务"}
{"level":"FATAL","timestamp":"2025-08-29T09:05:53.523Z","caller":"logger/logger.go:107","msg":"连接数据库失败","error":"连接数据库失败: failed to connect to `host=postgres user=postgres database=autocodeweb`: failed SASL auth (FATAL: password authentication failed for user \"postgres\" (SQLSTATE 28P01))","stacktrace":"autocodeweb-backend/pkg/logger.Fatal\n\t/app/pkg/logger/logger.go:107\nmain.main\n\t/app/cmd/server/main.go:59\nruntime.main\n\t/usr/local/go/src/runtime/proc.go:272"}
{"level":"INFO","timestamp":"2025-08-29T09:05:56.900Z","caller":"logger/logger.go:86","msg":"启动AutoCodeWeb后端服务"}
{"level":"FATAL","timestamp":"2025-08-29T09:05:56.905Z","caller":"logger/logger.go:107","msg":"连接数据库失败","error":"连接数据库失败: failed to connect to `host=postgres user=postgres database=autocodeweb`: failed SASL auth (FATAL: password authentication failed for user \"postgres\" (SQLSTATE 28P01))","stacktrace":"autocodeweb-backend/pkg/logger.Fatal\n\t/app/pkg/logger/logger.go:107\nmain.main\n\t/app/cmd/server/main.go:59\nruntime.main\n\t/usr/local/go/src/runtime/proc.go:272"}
{"level":"INFO","timestamp":"2025-08-29T09:06:03.525Z","caller":"logger/logger.go:86","msg":"启动AutoCodeWeb后端服务"}
{"level":"FATAL","timestamp":"2025-08-29T09:06:03.528Z","caller":"logger/logger.go:107","msg":"连接数据库失败","error":"连接数据库失败: failed to connect to `host=postgres user=postgres database=autocodeweb`: failed SASL auth (FATAL: password authentication failed for user \"postgres\" (SQLSTATE 28P01))","stacktrace":"autocodeweb-backend/pkg/logger.Fatal\n\t/app/pkg/logger/logger.go:107\nmain.main\n\t/app/cmd/server/main.go:59\nruntime.main\n\t/usr/local/go/src/runtime/proc.go:272"}
{"level":"INFO","timestamp":"2025-08-29T09:06:16.505Z","caller":"logger/logger.go:86","msg":"启动AutoCodeWeb后端服务"}
{"level":"FATAL","timestamp":"2025-08-29T09:06:16.509Z","caller":"logger/logger.go:107","msg":"连接数据库失败","error":"连接数据库失败: failed to connect to `host=postgres user=postgres database=autocodeweb`: failed SASL auth (FATAL: password authentication failed for user \"postgres\" (SQLSTATE 28P01))","stacktrace":"autocodeweb-backend/pkg/logger.Fatal\n\t/app/pkg/logger/logger.go:107\nmain.main\n\t/app/cmd/server/main.go:59\nruntime.main\n\t/usr/local/go/src/runtime/proc.go:272"}
{"level":"INFO","timestamp":"2025-08-29T09:06:42.292Z","caller":"logger/logger.go:86","msg":"启动AutoCodeWeb后端服务"}
{"level":"FATAL","timestamp":"2025-08-29T09:06:42.295Z","caller":"logger/logger.go:107","msg":"连接数据库失败","error":"连接数据库失败: failed to connect to `host=postgres user=postgres database=autocodeweb`: failed SASL auth (FATAL: password authentication failed for user \"postgres\" (SQLSTATE 28P01))","stacktrace":"autocodeweb-backend/pkg/logger.Fatal\n\t/app/pkg/logger/logger.go:107\nmain.main\n\t/app/cmd/server/main.go:59\nruntime.main\n\t/usr/local/go/src/runtime/proc.go:272"}
{"level":"INFO","timestamp":"2025-08-29T09:07:17.789Z","caller":"logger/logger.go:86","msg":"启动AutoCodeWeb后端服务"}
{"level":"FATAL","timestamp":"2025-08-29T09:07:17.793Z","caller":"logger/logger.go:107","msg":"连接数据库失败","error":"连接数据库失败: failed to connect to `host=postgres user=postgres database=autocodeweb`: failed SASL auth (FATAL: password authentication failed for user \"postgres\" (SQLSTATE 28P01))","stacktrace":"autocodeweb-backend/pkg/logger.Fatal\n\t/app/pkg/logger/logger.go:107\nmain.main\n\t/app/cmd/server/main.go:59\nruntime.main\n\t/usr/local/go/src/runtime/proc.go:272"}
{"level":"INFO","timestamp":"2025-08-29T09:07:18.293Z","caller":"logger/logger.go:86","msg":"启动AutoCodeWeb后端服务"}
{"level":"FATAL","timestamp":"2025-08-29T09:07:18.296Z","caller":"logger/logger.go:107","msg":"连接数据库失败","error":"连接数据库失败: failed to connect to `host=postgres user=postgres database=autocodeweb`: failed SASL auth (FATAL: password authentication failed for user \"postgres\" (SQLSTATE 28P01))","stacktrace":"autocodeweb-backend/pkg/logger.Fatal\n\t/app/pkg/logger/logger.go:107\nmain.main\n\t/app/cmd/server/main.go:59\nruntime.main\n\t/usr/local/go/src/runtime/proc.go:272"}
{"level":"INFO","timestamp":"2025-08-29T09:07:18.669Z","caller":"logger/logger.go:86","msg":"启动AutoCodeWeb后端服务"}
{"level":"FATAL","timestamp":"2025-08-29T09:07:18.673Z","caller":"logger/logger.go:107","msg":"连接数据库失败","error":"连接数据库失败: failed to connect to `host=postgres user=postgres database=autocodeweb`: failed SASL auth (FATAL: password authentication failed for user \"postgres\" (SQLSTATE 28P01))","stacktrace":"autocodeweb-backend/pkg/logger.Fatal\n\t/app/pkg/logger/logger.go:107\nmain.main\n\t/app/cmd/server/main.go:59\nruntime.main\n\t/usr/local/go/src/runtime/proc.go:272"}
{"level":"INFO","timestamp":"2025-08-29T09:07:19.266Z","caller":"logger/logger.go:86","msg":"启动AutoCodeWeb后端服务"}
{"level":"FATAL","timestamp":"2025-08-29T09:07:19.269Z","caller":"logger/logger.go:107","msg":"连接数据库失败","error":"连接数据库失败: failed to connect to `host=postgres user=postgres database=autocodeweb`: failed SASL auth (FATAL: password authentication failed for user \"postgres\" (SQLSTATE 28P01))","stacktrace":"autocodeweb-backend/pkg/logger.Fatal\n\t/app/pkg/logger/logger.go:107\nmain.main\n\t/app/cmd/server/main.go:59\nruntime.main\n\t/usr/local/go/src/runtime/proc.go:272"}
{"level":"INFO","timestamp":"2025-08-29T09:07:20.273Z","caller":"logger/logger.go:86","msg":"启动AutoCodeWeb后端服务"}
{"level":"FATAL","timestamp":"2025-08-29T09:07:20.277Z","caller":"logger/logger.go:107","msg":"连接数据库失败","error":"连接数据库失败: failed to connect to `host=postgres user=postgres database=autocodeweb`: failed SASL auth (FATAL: password authentication failed for user \"postgres\" (SQLSTATE 28P01))","stacktrace":"autocodeweb-backend/pkg/logger.Fatal\n\t/app/pkg/logger/logger.go:107\nmain.main\n\t/app/cmd/server/main.go:59\nruntime.main\n\t/usr/local/go/src/runtime/proc.go:272"}
{"level":"INFO","timestamp":"2025-08-29T09:07:22.075Z","caller":"logger/logger.go:86","msg":"启动AutoCodeWeb后端服务"}
{"level":"FATAL","timestamp":"2025-08-29T09:07:22.079Z","caller":"logger/logger.go:107","msg":"连接数据库失败","error":"连接数据库失败: failed to connect to `host=postgres user=postgres database=autocodeweb`: failed SASL auth (FATAL: password authentication failed for user \"postgres\" (SQLSTATE 28P01))","stacktrace":"autocodeweb-backend/pkg/logger.Fatal\n\t/app/pkg/logger/logger.go:107\nmain.main\n\t/app/cmd/server/main.go:59\nruntime.main\n\t/usr/local/go/src/runtime/proc.go:272"}
{"level":"INFO","timestamp":"2025-08-29T09:07:25.485Z","caller":"logger/logger.go:86","msg":"启动AutoCodeWeb后端服务"}
{"level":"FATAL","timestamp":"2025-08-29T09:07:25.488Z","caller":"logger/logger.go:107","msg":"连接数据库失败","error":"连接数据库失败: failed to connect to `host=postgres user=postgres database=autocodeweb`: failed SASL auth (FATAL: password authentication failed for user \"postgres\" (SQLSTATE 28P01))","stacktrace":"autocodeweb-backend/pkg/logger.Fatal\n\t/app/pkg/logger/logger.go:107\nmain.main\n\t/app/cmd/server/main.go:59\nruntime.main\n\t/usr/local/go/src/runtime/proc.go:272"}
{"level":"INFO","timestamp":"2025-08-29T09:07:32.105Z","caller":"logger/logger.go:86","msg":"启动AutoCodeWeb后端服务"}
{"level":"FATAL","timestamp":"2025-08-29T09:07:32.109Z","caller":"logger/logger.go:107","msg":"连接数据库失败","error":"连接数据库失败: failed to connect to `host=postgres user=postgres database=autocodeweb`: failed SASL auth (FATAL: password authentication failed for user \"postgres\" (SQLSTATE 28P01))","stacktrace":"autocodeweb-backend/pkg/logger.Fatal\n\t/app/pkg/logger/logger.go:107\nmain.main\n\t/app/cmd/server/main.go:59\nruntime.main\n\t/usr/local/go/src/runtime/proc.go:272"}
{"level":"INFO","timestamp":"2025-08-29T09:07:45.129Z","caller":"logger/logger.go:86","msg":"启动AutoCodeWeb后端服务"}
{"level":"FATAL","timestamp":"2025-08-29T09:07:45.132Z","caller":"logger/logger.go:107","msg":"连接数据库失败","error":"连接数据库失败: failed to connect to `host=postgres user=postgres database=autocodeweb`: failed SASL auth (FATAL: password authentication failed for user \"postgres\" (SQLSTATE 28P01))","stacktrace":"autocodeweb-backend/pkg/logger.Fatal\n\t/app/pkg/logger/logger.go:107\nmain.main\n\t/app/cmd/server/main.go:59\nruntime.main\n\t/usr/local/go/src/runtime/proc.go:272"}
{"level":"INFO","timestamp":"2025-08-29T09:08:10.968Z","caller":"logger/logger.go:86","msg":"启动AutoCodeWeb后端服务"}
{"level":"FATAL","timestamp":"2025-08-29T09:08:10.971Z","caller":"logger/logger.go:107","msg":"连接数据库失败","error":"连接数据库失败: failed to connect to `host=postgres user=postgres database=autocodeweb`: failed SASL auth (FATAL: password authentication failed for user \"postgres\" (SQLSTATE 28P01))","stacktrace":"autocodeweb-backend/pkg/logger.Fatal\n\t/app/pkg/logger/logger.go:107\nmain.main\n\t/app/cmd/server/main.go:59\nruntime.main\n\t/usr/local/go/src/runtime/proc.go:272"}
{"level":"INFO","timestamp":"2025-08-29T09:08:56.832Z","caller":"logger/logger.go:86","msg":"启动AutoCodeWeb后端服务"}
{"level":"FATAL","timestamp":"2025-08-29T09:08:56.836Z","caller":"logger/logger.go:107","msg":"连接数据库失败","error":"连接数据库失败: failed to connect to `host=postgres user=postgres database=autocodeweb`: failed SASL auth (FATAL: password authentication failed for user \"postgres\" (SQLSTATE 28P01))","stacktrace":"autocodeweb-backend/pkg/logger.Fatal\n\t/app/pkg/logger/logger.go:107\nmain.main\n\t/app/cmd/server/main.go:59\nruntime.main\n\t/usr/local/go/src/runtime/proc.go:272"}
{"level":"INFO","timestamp":"2025-08-29T09:08:57.373Z","caller":"logger/logger.go:86","msg":"启动AutoCodeWeb后端服务"}
{"level":"FATAL","timestamp":"2025-08-29T09:08:57.378Z","caller":"logger/logger.go:107","msg":"连接数据库失败","error":"连接数据库失败: failed to connect to `host=postgres user=postgres database=autocodeweb`: failed SASL auth (FATAL: password authentication failed for user \"postgres\" (SQLSTATE 28P01))","stacktrace":"autocodeweb-backend/pkg/logger.Fatal\n\t/app/pkg/logger/logger.go:107\nmain.main\n\t/app/cmd/server/main.go:59\nruntime.main\n\t/usr/local/go/src/runtime/proc.go:272"}
{"level":"INFO","timestamp":"2025-08-29T09:08:57.735Z","caller":"logger/logger.go:86","msg":"启动AutoCodeWeb后端服务"}
{"level":"FATAL","timestamp":"2025-08-29T09:08:57.738Z","caller":"logger/logger.go:107","msg":"连接数据库失败","error":"连接数据库失败: failed to connect to `host=postgres user=postgres database=autocodeweb`: failed SASL auth (FATAL: password authentication failed for user \"postgres\" (SQLSTATE 28P01))","stacktrace":"autocodeweb-backend/pkg/logger.Fatal\n\t/app/pkg/logger/logger.go:107\nmain.main\n\t/app/cmd/server/main.go:59\nruntime.main\n\t/usr/local/go/src/runtime/proc.go:272"}
{"level":"INFO","timestamp":"2025-08-29T09:08:58.318Z","caller":"logger/logger.go:86","msg":"启动AutoCodeWeb后端服务"}
{"level":"FATAL","timestamp":"2025-08-29T09:08:58.321Z","caller":"logger/logger.go:107","msg":"连接数据库失败","error":"连接数据库失败: failed to connect to `host=postgres user=postgres database=autocodeweb`: failed SASL auth (FATAL: password authentication failed for user \"postgres\" (SQLSTATE 28P01))","stacktrace":"autocodeweb-backend/pkg/logger.Fatal\n\t/app/pkg/logger/logger.go:107\nmain.main\n\t/app/cmd/server/main.go:59\nruntime.main\n\t/usr/local/go/src/runtime/proc.go:272"}
{"level":"INFO","timestamp":"2025-08-29T09:08:59.281Z","caller":"logger/logger.go:86","msg":"启动AutoCodeWeb后端服务"}
{"level":"FATAL","timestamp":"2025-08-29T09:08:59.284Z","caller":"logger/logger.go:107","msg":"连接数据库失败","error":"连接数据库失败: failed to connect to `host=postgres user=postgres database=autocodeweb`: failed SASL auth (FATAL: password authentication failed for user \"postgres\" (SQLSTATE 28P01))","stacktrace":"autocodeweb-backend/pkg/logger.Fatal\n\t/app/pkg/logger/logger.go:107\nmain.main\n\t/app/cmd/server/main.go:59\nruntime.main\n\t/usr/local/go/src/runtime/proc.go:272"}
{"level":"INFO","timestamp":"2025-08-29T09:09:01.079Z","caller":"logger/logger.go:86","msg":"启动AutoCodeWeb后端服务"}
{"level":"FATAL","timestamp":"2025-08-29T09:09:01.083Z","caller":"logger/logger.go:107","msg":"连接数据库失败","error":"连接数据库失败: failed to connect to `host=postgres user=postgres database=autocodeweb`: failed SASL auth (FATAL: password authentication failed for user \"postgres\" (SQLSTATE 28P01))","stacktrace":"autocodeweb-backend/pkg/logger.Fatal\n\t/app/pkg/logger/logger.go:107\nmain.main\n\t/app/cmd/server/main.go:59\nruntime.main\n\t/usr/local/go/src/runtime/proc.go:272"}
{"level":"INFO","timestamp":"2025-08-29T09:09:04.509Z","caller":"logger/logger.go:86","msg":"启动AutoCodeWeb后端服务"}
{"level":"FATAL","timestamp":"2025-08-29T09:09:04.512Z","caller":"logger/logger.go:107","msg":"连接数据库失败","error":"连接数据库失败: failed to connect to `host=postgres user=postgres database=autocodeweb`: failed SASL auth (FATAL: password authentication failed for user \"postgres\" (SQLSTATE 28P01))","stacktrace":"autocodeweb-backend/pkg/logger.Fatal\n\t/app/pkg/logger/logger.go:107\nmain.main\n\t/app/cmd/server/main.go:59\nruntime.main\n\t/usr/local/go/src/runtime/proc.go:272"}
{"level":"INFO","timestamp":"2025-08-29T09:09:11.137Z","caller":"logger/logger.go:86","msg":"启动AutoCodeWeb后端服务"}
{"level":"FATAL","timestamp":"2025-08-29T09:09:11.141Z","caller":"logger/logger.go:107","msg":"连接数据库失败","error":"连接数据库失败: failed to connect to `host=postgres user=postgres database=autocodeweb`: failed SASL auth (FATAL: password authentication failed for user \"postgres\" (SQLSTATE 28P01))","stacktrace":"autocodeweb-backend/pkg/logger.Fatal\n\t/app/pkg/logger/logger.go:107\nmain.main\n\t/app/cmd/server/main.go:59\nruntime.main\n\t/usr/local/go/src/runtime/proc.go:272"}
{"level":"INFO","timestamp":"2025-08-29T09:09:24.122Z","caller":"logger/logger.go:86","msg":"启动AutoCodeWeb后端服务"}
{"level":"FATAL","timestamp":"2025-08-29T09:09:24.126Z","caller":"logger/logger.go:107","msg":"连接数据库失败","error":"连接数据库失败: failed to connect to `host=postgres user=postgres database=autocodeweb`: failed SASL auth (FATAL: password authentication failed for user \"postgres\" (SQLSTATE 28P01))","stacktrace":"autocodeweb-backend/pkg/logger.Fatal\n\t/app/pkg/logger/logger.go:107\nmain.main\n\t/app/cmd/server/main.go:59\nruntime.main\n\t/usr/local/go/src/runtime/proc.go:272"}
{"level":"INFO","timestamp":"2025-08-29T09:09:50.167Z","caller":"logger/logger.go:86","msg":"启动AutoCodeWeb后端服务"}
{"level":"FATAL","timestamp":"2025-08-29T09:09:53.533Z","caller":"logger/logger.go:107","msg":"连接数据库失败","error":"连接数据库失败: failed to connect to `host=postgres user=postgres database=autocodeweb`: hostname resolving error (lookup postgres on 127.0.0.11:53: no such host)","stacktrace":"autocodeweb-backend/pkg/logger.Fatal\n\t/app/pkg/logger/logger.go:107\nmain.main\n\t/app/cmd/server/main.go:59\nruntime.main\n\t/usr/local/go/src/runtime/proc.go:272"}
{"level":"INFO","timestamp":"2025-08-29T09:09:56.603Z","caller":"logger/logger.go:86","msg":"启动AutoCodeWeb后端服务"}
{"level":"FATAL","timestamp":"2025-08-29T09:09:59.949Z","caller":"logger/logger.go:107","msg":"连接数据库失败","error":"连接数据库失败: failed to connect to `host=postgres user=postgres database=autocodeweb`: hostname resolving error (lookup postgres on 127.0.0.11:53: no such host)","stacktrace":"autocodeweb-backend/pkg/logger.Fatal\n\t/app/pkg/logger/logger.go:107\nmain.main\n\t/app/cmd/server/main.go:59\nruntime.main\n\t/usr/local/go/src/runtime/proc.go:272"}
{"level":"INFO","timestamp":"2025-08-29T09:10:00.410Z","caller":"logger/logger.go:86","msg":"启动AutoCodeWeb后端服务"}
{"level":"FATAL","timestamp":"2025-08-29T09:10:03.701Z","caller":"logger/logger.go:107","msg":"连接数据库失败","error":"连接数据库失败: failed to connect to `host=postgres user=postgres database=autocodeweb`: hostname resolving error (lookup postgres on 127.0.0.11:53: no such host)","stacktrace":"autocodeweb-backend/pkg/logger.Fatal\n\t/app/pkg/logger/logger.go:107\nmain.main\n\t/app/cmd/server/main.go:59\nruntime.main\n\t/usr/local/go/src/runtime/proc.go:272"}
{"level":"INFO","timestamp":"2025-08-29T09:10:04.177Z","caller":"logger/logger.go:86","msg":"启动AutoCodeWeb后端服务"}
{"level":"FATAL","timestamp":"2025-08-29T09:10:07.520Z","caller":"logger/logger.go:107","msg":"连接数据库失败","error":"连接数据库失败: failed to connect to `host=postgres user=postgres database=autocodeweb`: hostname resolving error (lookup postgres on 127.0.0.11:53: no such host)","stacktrace":"autocodeweb-backend/pkg/logger.Fatal\n\t/app/pkg/logger/logger.go:107\nmain.main\n\t/app/cmd/server/main.go:59\nruntime.main\n\t/usr/local/go/src/runtime/proc.go:272"}
{"level":"INFO","timestamp":"2025-08-29T09:10:08.119Z","caller":"logger/logger.go:86","msg":"启动AutoCodeWeb后端服务"}
{"level":"FATAL","timestamp":"2025-08-29T09:10:11.416Z","caller":"logger/logger.go:107","msg":"连接数据库失败","error":"连接数据库失败: failed to connect to `host=postgres user=postgres database=autocodeweb`: hostname resolving error (lookup postgres on 127.0.0.11:53: no such host)","stacktrace":"autocodeweb-backend/pkg/logger.Fatal\n\t/app/pkg/logger/logger.go:107\nmain.main\n\t/app/cmd/server/main.go:59\nruntime.main\n\t/usr/local/go/src/runtime/proc.go:272"}
{"level":"INFO","timestamp":"2025-08-29T09:10:12.385Z","caller":"logger/logger.go:86","msg":"启动AutoCodeWeb后端服务"}
{"level":"FATAL","timestamp":"2025-08-29T09:10:15.722Z","caller":"logger/logger.go:107","msg":"连接数据库失败","error":"连接数据库失败: failed to connect to `host=postgres user=postgres database=autocodeweb`: hostname resolving error (lookup postgres on 127.0.0.11:53: no such host)","stacktrace":"autocodeweb-backend/pkg/logger.Fatal\n\t/app/pkg/logger/logger.go:107\nmain.main\n\t/app/cmd/server/main.go:59\nruntime.main\n\t/usr/local/go/src/runtime/proc.go:272"}
{"level":"INFO","timestamp":"2025-08-29T09:10:17.567Z","caller":"logger/logger.go:86","msg":"启动AutoCodeWeb后端服务"}
{"level":"FATAL","timestamp":"2025-08-29T09:10:20.857Z","caller":"logger/logger.go:107","msg":"连接数据库失败","error":"连接数据库失败: failed to connect to `host=postgres user=postgres database=autocodeweb`: hostname resolving error (lookup postgres on 127.0.0.11:53: no such host)","stacktrace":"autocodeweb-backend/pkg/logger.Fatal\n\t/app/pkg/logger/logger.go:107\nmain.main\n\t/app/cmd/server/main.go:59\nruntime.main\n\t/usr/local/go/src/runtime/proc.go:272"}
{"level":"INFO","timestamp":"2025-08-29T09:10:24.282Z","caller":"logger/logger.go:86","msg":"启动AutoCodeWeb后端服务"}
{"level":"FATAL","timestamp":"2025-08-29T09:10:27.603Z","caller":"logger/logger.go:107","msg":"连接数据库失败","error":"连接数据库失败: failed to connect to `host=postgres user=postgres database=autocodeweb`: hostname resolving error (lookup postgres on 127.0.0.11:53: no such host)","stacktrace":"autocodeweb-backend/pkg/logger.Fatal\n\t/app/pkg/logger/logger.go:107\nmain.main\n\t/app/cmd/server/main.go:59\nruntime.main\n\t/usr/local/go/src/runtime/proc.go:272"}
{"level":"INFO","timestamp":"2025-08-29T09:10:34.220Z","caller":"logger/logger.go:86","msg":"启动AutoCodeWeb后端服务"}
{"level":"INFO","timestamp":"2025-08-29T09:11:44.981Z","caller":"logger/logger.go:86","msg":"启动AutoCodeWeb后端服务"}
{"level":"FATAL","timestamp":"2025-08-29T09:11:48.340Z","caller":"logger/logger.go:107","msg":"连接数据库失败","error":"连接数据库失败: failed to connect to `host=postgres user=postgres database=autocodeweb`: hostname resolving error (lookup postgres on 127.0.0.11:53: no such host)","stacktrace":"autocodeweb-backend/pkg/logger.Fatal\n\t/app/pkg/logger/logger.go:107\nmain.main\n\t/app/cmd/server/main.go:59\nruntime.main\n\t/usr/local/go/src/runtime/proc.go:272"}
{"level":"INFO","timestamp":"2025-08-29T09:14:04.416Z","caller":"logger/logger.go:86","msg":"启动AutoCodeWeb后端服务"}
{"level":"FATAL","timestamp":"2025-08-29T09:14:04.419Z","caller":"logger/logger.go:107","msg":"连接数据库失败","error":"连接数据库失败: failed to connect to `host=postgres user=postgres database=autocodeweb`: failed SASL auth (FATAL: password authentication failed for user \"postgres\" (SQLSTATE 28P01))","stacktrace":"autocodeweb-backend/pkg/logger.Fatal\n\t/app/pkg/logger/logger.go:107\nmain.main\n\t/app/cmd/server/main.go:59\nruntime.main\n\t/usr/local/go/src/runtime/proc.go:272"}
{"level":"INFO","timestamp":"2025-08-29T09:14:04.933Z","caller":"logger/logger.go:86","msg":"启动AutoCodeWeb后端服务"}
{"level":"FATAL","timestamp":"2025-08-29T09:14:04.936Z","caller":"logger/logger.go:107","msg":"连接数据库失败","error":"连接数据库失败: failed to connect to `host=postgres user=postgres database=autocodeweb`: failed SASL auth (FATAL: password authentication failed for user \"postgres\" (SQLSTATE 28P01))","stacktrace":"autocodeweb-backend/pkg/logger.Fatal\n\t/app/pkg/logger/logger.go:107\nmain.main\n\t/app/cmd/server/main.go:59\nruntime.main\n\t/usr/local/go/src/runtime/proc.go:272"}
{"level":"INFO","timestamp":"2025-08-29T09:14:05.293Z","caller":"logger/logger.go:86","msg":"启动AutoCodeWeb后端服务"}
{"level":"FATAL","timestamp":"2025-08-29T09:14:05.296Z","caller":"logger/logger.go:107","msg":"连接数据库失败","error":"连接数据库失败: failed to connect to `host=postgres user=postgres database=autocodeweb`: failed SASL auth (FATAL: password authentication failed for user \"postgres\" (SQLSTATE 28P01))","stacktrace":"autocodeweb-backend/pkg/logger.Fatal\n\t/app/pkg/logger/logger.go:107\nmain.main\n\t/app/cmd/server/main.go:59\nruntime.main\n\t/usr/local/go/src/runtime/proc.go:272"}
{"level":"INFO","timestamp":"2025-08-29T09:14:05.884Z","caller":"logger/logger.go:86","msg":"启动AutoCodeWeb后端服务"}
{"level":"FATAL","timestamp":"2025-08-29T09:14:05.888Z","caller":"logger/logger.go:107","msg":"连接数据库失败","error":"连接数据库失败: failed to connect to `host=postgres user=postgres database=autocodeweb`: failed SASL auth (FATAL: password authentication failed for user \"postgres\" (SQLSTATE 28P01))","stacktrace":"autocodeweb-backend/pkg/logger.Fatal\n\t/app/pkg/logger/logger.go:107\nmain.main\n\t/app/cmd/server/main.go:59\nruntime.main\n\t/usr/local/go/src/runtime/proc.go:272"}
{"level":"INFO","timestamp":"2025-08-29T09:14:06.872Z","caller":"logger/logger.go:86","msg":"启动AutoCodeWeb后端服务"}
{"level":"FATAL","timestamp":"2025-08-29T09:14:06.875Z","caller":"logger/logger.go:107","msg":"连接数据库失败","error":"连接数据库失败: failed to connect to `host=postgres user=postgres database=autocodeweb`: failed SASL auth (FATAL: password authentication failed for user \"postgres\" (SQLSTATE 28P01))","stacktrace":"autocodeweb-backend/pkg/logger.Fatal\n\t/app/pkg/logger/logger.go:107\nmain.main\n\t/app/cmd/server/main.go:59\nruntime.main\n\t/usr/local/go/src/runtime/proc.go:272"}
{"level":"INFO","timestamp":"2025-08-29T09:14:08.668Z","caller":"logger/logger.go:86","msg":"启动AutoCodeWeb后端服务"}
{"level":"FATAL","timestamp":"2025-08-29T09:14:08.671Z","caller":"logger/logger.go:107","msg":"连接数据库失败","error":"连接数据库失败: failed to connect to `host=postgres user=postgres database=autocodeweb`: failed SASL auth (FATAL: password authentication failed for user \"postgres\" (SQLSTATE 28P01))","stacktrace":"autocodeweb-backend/pkg/logger.Fatal\n\t/app/pkg/logger/logger.go:107\nmain.main\n\t/app/cmd/server/main.go:59\nruntime.main\n\t/usr/local/go/src/runtime/proc.go:272"}
{"level":"INFO","timestamp":"2025-08-29T09:14:12.103Z","caller":"logger/logger.go:86","msg":"启动AutoCodeWeb后端服务"}
{"level":"FATAL","timestamp":"2025-08-29T09:14:12.106Z","caller":"logger/logger.go:107","msg":"连接数据库失败","error":"连接数据库失败: failed to connect to `host=postgres user=postgres database=autocodeweb`: failed SASL auth (FATAL: password authentication failed for user \"postgres\" (SQLSTATE 28P01))","stacktrace":"autocodeweb-backend/pkg/logger.Fatal\n\t/app/pkg/logger/logger.go:107\nmain.main\n\t/app/cmd/server/main.go:59\nruntime.main\n\t/usr/local/go/src/runtime/proc.go:272"}
{"level":"INFO","timestamp":"2025-08-29T09:14:18.697Z","caller":"logger/logger.go:86","msg":"启动AutoCodeWeb后端服务"}
{"level":"FATAL","timestamp":"2025-08-29T09:14:18.700Z","caller":"logger/logger.go:107","msg":"连接数据库失败","error":"连接数据库失败: failed to connect to `host=postgres user=postgres database=autocodeweb`: failed SASL auth (FATAL: password authentication failed for user \"postgres\" (SQLSTATE 28P01))","stacktrace":"autocodeweb-backend/pkg/logger.Fatal\n\t/app/pkg/logger/logger.go:107\nmain.main\n\t/app/cmd/server/main.go:59\nruntime.main\n\t/usr/local/go/src/runtime/proc.go:272"}
{"level":"INFO","timestamp":"2025-08-29T09:14:31.713Z","caller":"logger/logger.go:86","msg":"启动AutoCodeWeb后端服务"}
{"level":"FATAL","timestamp":"2025-08-29T09:14:31.717Z","caller":"logger/logger.go:107","msg":"连接数据库失败","error":"连接数据库失败: failed to connect to `host=postgres user=postgres database=autocodeweb`: failed SASL auth (FATAL: password authentication failed for user \"postgres\" (SQLSTATE 28P01))","stacktrace":"autocodeweb-backend/pkg/logger.Fatal\n\t/app/pkg/logger/logger.go:107\nmain.main\n\t/app/cmd/server/main.go:59\nruntime.main\n\t/usr/local/go/src/runtime/proc.go:272"}
{"level":"INFO","timestamp":"2025-08-29T09:14:57.524Z","caller":"logger/logger.go:86","msg":"启动AutoCodeWeb后端服务"}
{"level":"FATAL","timestamp":"2025-08-29T09:14:57.528Z","caller":"logger/logger.go:107","msg":"连接数据库失败","error":"连接数据库失败: failed to connect to `host=postgres user=postgres database=autocodeweb`: failed SASL auth (FATAL: password authentication failed for user \"postgres\" (SQLSTATE 28P01))","stacktrace":"autocodeweb-backend/pkg/logger.Fatal\n\t/app/pkg/logger/logger.go:107\nmain.main\n\t/app/cmd/server/main.go:59\nruntime.main\n\t/usr/local/go/src/runtime/proc.go:272"}
{"level":"INFO","timestamp":"2025-08-29T09:15:48.909Z","caller":"logger/logger.go:86","msg":"启动AutoCodeWeb后端服务"}
{"level":"FATAL","timestamp":"2025-08-29T09:15:48.912Z","caller":"logger/logger.go:107","msg":"连接数据库失败","error":"连接数据库失败: failed to connect to `host=postgres user=postgres database=autocodeweb`: failed SASL auth (FATAL: password authentication failed for user \"postgres\" (SQLSTATE 28P01))","stacktrace":"autocodeweb-backend/pkg/logger.Fatal\n\t/app/pkg/logger/logger.go:107\nmain.main\n\t/app/cmd/server/main.go:59\nruntime.main\n\t/usr/local/go/src/runtime/proc.go:272"}
{"level":"INFO","timestamp":"2025-08-29T09:16:49.102Z","caller":"logger/logger.go:86","msg":"启动AutoCodeWeb后端服务"}
{"level":"FATAL","timestamp":"2025-08-29T09:16:49.105Z","caller":"logger/logger.go:107","msg":"连接数据库失败","error":"连接数据库失败: failed to connect to `host=postgres user=postgres database=autocodeweb`: failed SASL auth (FATAL: password authentication failed for user \"postgres\" (SQLSTATE 28P01))","stacktrace":"autocodeweb-backend/pkg/logger.Fatal\n\t/app/pkg/logger/logger.go:107\nmain.main\n\t/app/cmd/server/main.go:59\nruntime.main\n\t/usr/local/go/src/runtime/proc.go:272"}
{"level":"INFO","timestamp":"2025-08-29T09:17:49.329Z","caller":"logger/logger.go:86","msg":"启动AutoCodeWeb后端服务"}
{"level":"FATAL","timestamp":"2025-08-29T09:17:49.333Z","caller":"logger/logger.go:107","msg":"连接数据库失败","error":"连接数据库失败: failed to connect to `host=postgres user=postgres database=autocodeweb`: failed SASL auth (FATAL: password authentication failed for user \"postgres\" (SQLSTATE 28P01))","stacktrace":"autocodeweb-backend/pkg/logger.Fatal\n\t/app/pkg/logger/logger.go:107\nmain.main\n\t/app/cmd/server/main.go:59\nruntime.main\n\t/usr/local/go/src/runtime/proc.go:272"}
{"level":"INFO","timestamp":"2025-08-29T09:21:34.049Z","caller":"logger/logger.go:86","msg":"启动AutoCodeWeb后端服务"}
{"level":"FATAL","timestamp":"2025-08-29T09:21:34.050Z","caller":"logger/logger.go:107","msg":"连接数据库失败","error":"连接数据库失败: failed to connect to `host=postgres user=autocodeweb database=autocodeweb`: dial error (dial tcp 172.24.0.3:5434: connect: connection refused)","stacktrace":"autocodeweb-backend/pkg/logger.Fatal\n\t/app/pkg/logger/logger.go:107\nmain.main\n\t/app/cmd/server/main.go:59\nruntime.main\n\t/usr/local/go/src/runtime/proc.go:272"}
{"level":"INFO","timestamp":"2025-08-29T09:21:34.420Z","caller":"logger/logger.go:86","msg":"启动AutoCodeWeb后端服务"}
{"level":"FATAL","timestamp":"2025-08-29T09:21:34.421Z","caller":"logger/logger.go:107","msg":"连接数据库失败","error":"连接数据库失败: failed to connect to `host=postgres user=autocodeweb database=autocodeweb`: dial error (dial tcp 172.24.0.3:5434: connect: connection refused)","stacktrace":"autocodeweb-backend/pkg/logger.Fatal\n\t/app/pkg/logger/logger.go:107\nmain.main\n\t/app/cmd/server/main.go:59\nruntime.main\n\t/usr/local/go/src/runtime/proc.go:272"}
{"level":"INFO","timestamp":"2025-08-29T09:21:34.860Z","caller":"logger/logger.go:86","msg":"启动AutoCodeWeb后端服务"}
{"level":"FATAL","timestamp":"2025-08-29T09:21:34.862Z","caller":"logger/logger.go:107","msg":"连接数据库失败","error":"连接数据库失败: failed to connect to `host=postgres user=autocodeweb database=autocodeweb`: dial error (dial tcp 172.24.0.3:5434: connect: connection refused)","stacktrace":"autocodeweb-backend/pkg/logger.Fatal\n\t/app/pkg/logger/logger.go:107\nmain.main\n\t/app/cmd/server/main.go:59\nruntime.main\n\t/usr/local/go/src/runtime/proc.go:272"}
{"level":"INFO","timestamp":"2025-08-29T09:21:35.430Z","caller":"logger/logger.go:86","msg":"启动AutoCodeWeb后端服务"}
{"level":"FATAL","timestamp":"2025-08-29T09:21:35.432Z","caller":"logger/logger.go:107","msg":"连接数据库失败","error":"连接数据库失败: failed to connect to `host=postgres user=autocodeweb database=autocodeweb`: dial error (dial tcp 172.24.0.3:5434: connect: connection refused)","stacktrace":"autocodeweb-backend/pkg/logger.Fatal\n\t/app/pkg/logger/logger.go:107\nmain.main\n\t/app/cmd/server/main.go:59\nruntime.main\n\t/usr/local/go/src/runtime/proc.go:272"}
{"level":"INFO","timestamp":"2025-08-29T09:21:36.425Z","caller":"logger/logger.go:86","msg":"启动AutoCodeWeb后端服务"}
{"level":"FATAL","timestamp":"2025-08-29T09:21:36.426Z","caller":"logger/logger.go:107","msg":"连接数据库失败","error":"连接数据库失败: failed to connect to `host=postgres user=autocodeweb database=autocodeweb`: dial error (dial tcp 172.24.0.3:5434: connect: connection refused)","stacktrace":"autocodeweb-backend/pkg/logger.Fatal\n\t/app/pkg/logger/logger.go:107\nmain.main\n\t/app/cmd/server/main.go:59\nruntime.main\n\t/usr/local/go/src/runtime/proc.go:272"}
{"level":"INFO","timestamp":"2025-08-29T09:21:38.223Z","caller":"logger/logger.go:86","msg":"启动AutoCodeWeb后端服务"}
{"level":"FATAL","timestamp":"2025-08-29T09:21:38.225Z","caller":"logger/logger.go:107","msg":"连接数据库失败","error":"连接数据库失败: failed to connect to `host=postgres user=autocodeweb database=autocodeweb`: dial error (dial tcp 172.24.0.3:5434: connect: connection refused)","stacktrace":"autocodeweb-backend/pkg/logger.Fatal\n\t/app/pkg/logger/logger.go:107\nmain.main\n\t/app/cmd/server/main.go:59\nruntime.main\n\t/usr/local/go/src/runtime/proc.go:272"}
{"level":"INFO","timestamp":"2025-08-29T09:21:41.601Z","caller":"logger/logger.go:86","msg":"启动AutoCodeWeb后端服务"}
{"level":"FATAL","timestamp":"2025-08-29T09:21:41.602Z","caller":"logger/logger.go:107","msg":"连接数据库失败","error":"连接数据库失败: failed to connect to `host=postgres user=autocodeweb database=autocodeweb`: dial error (dial tcp 172.24.0.3:5434: connect: connection refused)","stacktrace":"autocodeweb-backend/pkg/logger.Fatal\n\t/app/pkg/logger/logger.go:107\nmain.main\n\t/app/cmd/server/main.go:59\nruntime.main\n\t/usr/local/go/src/runtime/proc.go:272"}
{"level":"INFO","timestamp":"2025-08-29T09:21:48.189Z","caller":"logger/logger.go:86","msg":"启动AutoCodeWeb后端服务"}
{"level":"FATAL","timestamp":"2025-08-29T09:21:48.190Z","caller":"logger/logger.go:107","msg":"连接数据库失败","error":"连接数据库失败: failed to connect to `host=postgres user=autocodeweb database=autocodeweb`: dial error (dial tcp 172.24.0.3:5434: connect: connection refused)","stacktrace":"autocodeweb-backend/pkg/logger.Fatal\n\t/app/pkg/logger/logger.go:107\nmain.main\n\t/app/cmd/server/main.go:59\nruntime.main\n\t/usr/local/go/src/runtime/proc.go:272"}
{"level":"INFO","timestamp":"2025-08-29T09:22:01.180Z","caller":"logger/logger.go:86","msg":"启动AutoCodeWeb后端服务"}
{"level":"FATAL","timestamp":"2025-08-29T09:22:01.181Z","caller":"logger/logger.go:107","msg":"连接数据库失败","error":"连接数据库失败: failed to connect to `host=postgres user=autocodeweb database=autocodeweb`: dial error (dial tcp 172.24.0.3:5434: connect: connection refused)","stacktrace":"autocodeweb-backend/pkg/logger.Fatal\n\t/app/pkg/logger/logger.go:107\nmain.main\n\t/app/cmd/server/main.go:59\nruntime.main\n\t/usr/local/go/src/runtime/proc.go:272"}
{"level":"INFO","timestamp":"2025-08-29T09:22:27.008Z","caller":"logger/logger.go:86","msg":"启动AutoCodeWeb后端服务"}
{"level":"FATAL","timestamp":"2025-08-29T09:22:27.009Z","caller":"logger/logger.go:107","msg":"连接数据库失败","error":"连接数据库失败: failed to connect to `host=postgres user=autocodeweb database=autocodeweb`: dial error (dial tcp 172.24.0.3:5434: connect: connection refused)","stacktrace":"autocodeweb-backend/pkg/logger.Fatal\n\t/app/pkg/logger/logger.go:107\nmain.main\n\t/app/cmd/server/main.go:59\nruntime.main\n\t/usr/local/go/src/runtime/proc.go:272"}
{"level":"INFO","timestamp":"2025-08-29T09:23:18.408Z","caller":"logger/logger.go:86","msg":"启动AutoCodeWeb后端服务"}
{"level":"FATAL","timestamp":"2025-08-29T09:23:18.410Z","caller":"logger/logger.go:107","msg":"连接数据库失败","error":"连接数据库失败: failed to connect to `host=postgres user=autocodeweb database=autocodeweb`: dial error (dial tcp 172.24.0.3:5434: connect: connection refused)","stacktrace":"autocodeweb-backend/pkg/logger.Fatal\n\t/app/pkg/logger/logger.go:107\nmain.main\n\t/app/cmd/server/main.go:59\nruntime.main\n\t/usr/local/go/src/runtime/proc.go:272"}
{"level":"INFO","timestamp":"2025-08-29T09:24:18.579Z","caller":"logger/logger.go:86","msg":"启动AutoCodeWeb后端服务"}
{"level":"FATAL","timestamp":"2025-08-29T09:24:18.580Z","caller":"logger/logger.go:107","msg":"连接数据库失败","error":"连接数据库失败: failed to connect to `host=postgres user=autocodeweb database=autocodeweb`: dial error (dial tcp 172.24.0.3:5434: connect: connection refused)","stacktrace":"autocodeweb-backend/pkg/logger.Fatal\n\t/app/pkg/logger/logger.go:107\nmain.main\n\t/app/cmd/server/main.go:59\nruntime.main\n\t/usr/local/go/src/runtime/proc.go:272"}
{"level":"INFO","timestamp":"2025-08-29T09:25:18.778Z","caller":"logger/logger.go:86","msg":"启动AutoCodeWeb后端服务"}
{"level":"FATAL","timestamp":"2025-08-29T09:25:26.074Z","caller":"logger/logger.go:107","msg":"连接数据库失败","error":"连接数据库失败: failed to connect to `host=postgres user=autocodeweb database=autocodeweb`: hostname resolving error (lookup postgres on 127.0.0.11:53: no such host)","stacktrace":"autocodeweb-backend/pkg/logger.Fatal\n\t/app/pkg/logger/logger.go:107\nmain.main\n\t/app/cmd/server/main.go:59\nruntime.main\n\t/usr/local/go/src/runtime/proc.go:272"}
{"level":"INFO","timestamp":"2025-08-29T09:26:36.855Z","caller":"logger/logger.go:86","msg":"启动AutoCodeWeb后端服务"}
{"level":"FATAL","timestamp":"2025-08-29T09:26:36.856Z","caller":"logger/logger.go:107","msg":"连接数据库失败","error":"连接数据库失败: failed to connect to `host=postgres user=autocodeweb database=autocodeweb`: dial error (dial tcp 172.24.0.3:5434: connect: connection refused)","stacktrace":"autocodeweb-backend/pkg/logger.Fatal\n\t/app/pkg/logger/logger.go:107\nmain.main\n\t/app/cmd/server/main.go:59\nruntime.main\n\t/usr/local/go/src/runtime/proc.go:272"}
{"level":"INFO","timestamp":"2025-08-29T09:26:37.241Z","caller":"logger/logger.go:86","msg":"启动AutoCodeWeb后端服务"}
{"level":"FATAL","timestamp":"2025-08-29T09:26:37.243Z","caller":"logger/logger.go:107","msg":"连接数据库失败","error":"连接数据库失败: failed to connect to `host=postgres user=autocodeweb database=autocodeweb`: dial error (dial tcp 172.24.0.3:5434: connect: connection refused)","stacktrace":"autocodeweb-backend/pkg/logger.Fatal\n\t/app/pkg/logger/logger.go:107\nmain.main\n\t/app/cmd/server/main.go:59\nruntime.main\n\t/usr/local/go/src/runtime/proc.go:272"}
{"level":"INFO","timestamp":"2025-08-29T09:26:37.636Z","caller":"logger/logger.go:86","msg":"启动AutoCodeWeb后端服务"}
{"level":"FATAL","timestamp":"2025-08-29T09:26:37.638Z","caller":"logger/logger.go:107","msg":"连接数据库失败","error":"连接数据库失败: failed to connect to `host=postgres user=autocodeweb database=autocodeweb`: dial error (dial tcp 172.24.0.3:5434: connect: connection refused)","stacktrace":"autocodeweb-backend/pkg/logger.Fatal\n\t/app/pkg/logger/logger.go:107\nmain.main\n\t/app/cmd/server/main.go:59\nruntime.main\n\t/usr/local/go/src/runtime/proc.go:272"}
{"level":"INFO","timestamp":"2025-08-29T09:26:38.244Z","caller":"logger/logger.go:86","msg":"启动AutoCodeWeb后端服务"}
{"level":"FATAL","timestamp":"2025-08-29T09:26:38.245Z","caller":"logger/logger.go:107","msg":"连接数据库失败","error":"连接数据库失败: failed to connect to `host=postgres user=autocodeweb database=autocodeweb`: dial error (dial tcp 172.24.0.3:5434: connect: connection refused)","stacktrace":"autocodeweb-backend/pkg/logger.Fatal\n\t/app/pkg/logger/logger.go:107\nmain.main\n\t/app/cmd/server/main.go:59\nruntime.main\n\t/usr/local/go/src/runtime/proc.go:272"}
{"level":"INFO","timestamp":"2025-08-29T09:26:39.227Z","caller":"logger/logger.go:86","msg":"启动AutoCodeWeb后端服务"}
{"level":"FATAL","timestamp":"2025-08-29T09:26:39.228Z","caller":"logger/logger.go:107","msg":"连接数据库失败","error":"连接数据库失败: failed to connect to `host=postgres user=autocodeweb database=autocodeweb`: dial error (dial tcp 172.24.0.3:5434: connect: connection refused)","stacktrace":"autocodeweb-backend/pkg/logger.Fatal\n\t/app/pkg/logger/logger.go:107\nmain.main\n\t/app/cmd/server/main.go:59\nruntime.main\n\t/usr/local/go/src/runtime/proc.go:272"}
{"level":"INFO","timestamp":"2025-08-29T09:26:41.026Z","caller":"logger/logger.go:86","msg":"启动AutoCodeWeb后端服务"}
{"level":"FATAL","timestamp":"2025-08-29T09:26:41.027Z","caller":"logger/logger.go:107","msg":"连接数据库失败","error":"连接数据库失败: failed to connect to `host=postgres user=autocodeweb database=autocodeweb`: dial error (dial tcp 172.24.0.3:5434: connect: connection refused)","stacktrace":"autocodeweb-backend/pkg/logger.Fatal\n\t/app/pkg/logger/logger.go:107\nmain.main\n\t/app/cmd/server/main.go:59\nruntime.main\n\t/usr/local/go/src/runtime/proc.go:272"}
{"level":"INFO","timestamp":"2025-08-29T09:26:44.420Z","caller":"logger/logger.go:86","msg":"启动AutoCodeWeb后端服务"}
{"level":"FATAL","timestamp":"2025-08-29T09:26:44.421Z","caller":"logger/logger.go:107","msg":"连接数据库失败","error":"连接数据库失败: failed to connect to `host=postgres user=autocodeweb database=autocodeweb`: dial error (dial tcp 172.24.0.3:5434: connect: connection refused)","stacktrace":"autocodeweb-backend/pkg/logger.Fatal\n\t/app/pkg/logger/logger.go:107\nmain.main\n\t/app/cmd/server/main.go:59\nruntime.main\n\t/usr/local/go/src/runtime/proc.go:272"}
{"level":"INFO","timestamp":"2025-08-29T09:26:51.013Z","caller":"logger/logger.go:86","msg":"启动AutoCodeWeb后端服务"}
{"level":"FATAL","timestamp":"2025-08-29T09:26:51.015Z","caller":"logger/logger.go:107","msg":"连接数据库失败","error":"连接数据库失败: failed to connect to `host=postgres user=autocodeweb database=autocodeweb`: dial error (dial tcp 172.24.0.3:5434: connect: connection refused)","stacktrace":"autocodeweb-backend/pkg/logger.Fatal\n\t/app/pkg/logger/logger.go:107\nmain.main\n\t/app/cmd/server/main.go:59\nruntime.main\n\t/usr/local/go/src/runtime/proc.go:272"}
{"level":"INFO","timestamp":"2025-08-29T09:27:03.974Z","caller":"logger/logger.go:86","msg":"启动AutoCodeWeb后端服务"}
{"level":"FATAL","timestamp":"2025-08-29T09:27:03.976Z","caller":"logger/logger.go:107","msg":"连接数据库失败","error":"连接数据库失败: failed to connect to `host=postgres user=autocodeweb database=autocodeweb`: dial error (dial tcp 172.24.0.3:5434: connect: connection refused)","stacktrace":"autocodeweb-backend/pkg/logger.Fatal\n\t/app/pkg/logger/logger.go:107\nmain.main\n\t/app/cmd/server/main.go:59\nruntime.main\n\t/usr/local/go/src/runtime/proc.go:272"}
{"level":"INFO","timestamp":"2025-08-29T09:27:29.767Z","caller":"logger/logger.go:86","msg":"启动AutoCodeWeb后端服务"}
{"level":"FATAL","timestamp":"2025-08-29T09:27:29.768Z","caller":"logger/logger.go:107","msg":"连接数据库失败","error":"连接数据库失败: failed to connect to `host=postgres user=autocodeweb database=autocodeweb`: dial error (dial tcp 172.24.0.3:5434: connect: connection refused)","stacktrace":"autocodeweb-backend/pkg/logger.Fatal\n\t/app/pkg/logger/logger.go:107\nmain.main\n\t/app/cmd/server/main.go:59\nruntime.main\n\t/usr/local/go/src/runtime/proc.go:272"}
{"level":"INFO","timestamp":"2025-08-29T09:28:21.178Z","caller":"logger/logger.go:86","msg":"启动AutoCodeWeb后端服务"}
{"level":"FATAL","timestamp":"2025-08-29T09:28:21.180Z","caller":"logger/logger.go:107","msg":"连接数据库失败","error":"连接数据库失败: failed to connect to `host=postgres user=autocodeweb database=autocodeweb`: dial error (dial tcp 172.24.0.3:5434: connect: connection refused)","stacktrace":"autocodeweb-backend/pkg/logger.Fatal\n\t/app/pkg/logger/logger.go:107\nmain.main\n\t/app/cmd/server/main.go:59\nruntime.main\n\t/usr/local/go/src/runtime/proc.go:272"}
{"level":"INFO","timestamp":"2025-08-29T09:29:21.368Z","caller":"logger/logger.go:86","msg":"启动AutoCodeWeb后端服务"}
{"level":"FATAL","timestamp":"2025-08-29T09:29:21.369Z","caller":"logger/logger.go:107","msg":"连接数据库失败","error":"连接数据库失败: failed to connect to `host=postgres user=autocodeweb database=autocodeweb`: dial error (dial tcp 172.24.0.3:5434: connect: connection refused)","stacktrace":"autocodeweb-backend/pkg/logger.Fatal\n\t/app/pkg/logger/logger.go:107\nmain.main\n\t/app/cmd/server/main.go:59\nruntime.main\n\t/usr/local/go/src/runtime/proc.go:272"}
{"level":"INFO","timestamp":"2025-08-29T09:30:21.571Z","caller":"logger/logger.go:86","msg":"启动AutoCodeWeb后端服务"}
{"level":"FATAL","timestamp":"2025-08-29T09:30:21.572Z","caller":"logger/logger.go:107","msg":"连接数据库失败","error":"连接数据库失败: failed to connect to `host=postgres user=autocodeweb database=autocodeweb`: dial error (dial tcp 172.24.0.3:5434: connect: connection refused)","stacktrace":"autocodeweb-backend/pkg/logger.Fatal\n\t/app/pkg/logger/logger.go:107\nmain.main\n\t/app/cmd/server/main.go:59\nruntime.main\n\t/usr/local/go/src/runtime/proc.go:272"}
{"level":"INFO","timestamp":"2025-08-29T09:31:21.757Z","caller":"logger/logger.go:86","msg":"启动AutoCodeWeb后端服务"}
{"level":"FATAL","timestamp":"2025-08-29T09:31:21.759Z","caller":"logger/logger.go:107","msg":"连接数据库失败","error":"连接数据库失败: failed to connect to `host=postgres user=autocodeweb database=autocodeweb`: dial error (dial tcp 172.24.0.3:5434: connect: connection refused)","stacktrace":"autocodeweb-backend/pkg/logger.Fatal\n\t/app/pkg/logger/logger.go:107\nmain.main\n\t/app/cmd/server/main.go:59\nruntime.main\n\t/usr/local/go/src/runtime/proc.go:272"}
{"level":"INFO","timestamp":"2025-08-29T09:32:22.018Z","caller":"logger/logger.go:86","msg":"启动AutoCodeWeb后端服务"}
{"level":"FATAL","timestamp":"2025-08-29T09:32:22.024Z","caller":"logger/logger.go:107","msg":"连接数据库失败","error":"连接数据库失败: failed to connect to `host=postgres user=autocodeweb database=autocodeweb`: dial error (dial tcp 172.24.0.3:5434: connect: connection refused)","stacktrace":"autocodeweb-backend/pkg/logger.Fatal\n\t/app/pkg/logger/logger.go:107\nmain.main\n\t/app/cmd/server/main.go:59\nruntime.main\n\t/usr/local/go/src/runtime/proc.go:272"}
{"level":"INFO","timestamp":"2025-08-29T09:33:22.241Z","caller":"logger/logger.go:86","msg":"启动AutoCodeWeb后端服务"}
{"level":"FATAL","timestamp":"2025-08-29T09:33:22.243Z","caller":"logger/logger.go:107","msg":"连接数据库失败","error":"连接数据库失败: failed to connect to `host=postgres user=autocodeweb database=autocodeweb`: dial error (dial tcp 172.24.0.3:5434: connect: connection refused)","stacktrace":"autocodeweb-backend/pkg/logger.Fatal\n\t/app/pkg/logger/logger.go:107\nmain.main\n\t/app/cmd/server/main.go:59\nruntime.main\n\t/usr/local/go/src/runtime/proc.go:272"}
{"level":"INFO","timestamp":"2025-08-29T09:36:26.729Z","caller":"logger/logger.go:86","msg":"启动AutoCodeWeb后端服务"}
{"level":"FATAL","timestamp":"2025-08-29T09:36:30.070Z","caller":"logger/logger.go:107","msg":"连接数据库失败","error":"连接数据库失败: failed to connect to `host=postgres user=autocodeweb database=autocodeweb`: hostname resolving error (lookup postgres on 127.0.0.11:53: no such host)","stacktrace":"autocodeweb-backend/pkg/logger.Fatal\n\t/app/pkg/logger/logger.go:107\nmain.main\n\t/app/cmd/server/main.go:59\nruntime.main\n\t/usr/local/go/src/runtime/proc.go:272"}
{"level":"INFO","timestamp":"2025-08-29T09:36:30.434Z","caller":"logger/logger.go:86","msg":"启动AutoCodeWeb后端服务"}
{"level":"FATAL","timestamp":"2025-08-29T09:36:33.725Z","caller":"logger/logger.go:107","msg":"连接数据库失败","error":"连接数据库失败: failed to connect to `host=postgres user=autocodeweb database=autocodeweb`: hostname resolving error (lookup postgres on 127.0.0.11:53: no such host)","stacktrace":"autocodeweb-backend/pkg/logger.Fatal\n\t/app/pkg/logger/logger.go:107\nmain.main\n\t/app/cmd/server/main.go:59\nruntime.main\n\t/usr/local/go/src/runtime/proc.go:272"}
{"level":"INFO","timestamp":"2025-08-29T09:36:34.140Z","caller":"logger/logger.go:86","msg":"启动AutoCodeWeb后端服务"}
{"level":"FATAL","timestamp":"2025-08-29T09:36:41.441Z","caller":"logger/logger.go:107","msg":"连接数据库失败","error":"连接数据库失败: failed to connect to `host=postgres user=autocodeweb database=autocodeweb`: hostname resolving error (lookup postgres on 127.0.0.11:53: no such host)","stacktrace":"autocodeweb-backend/pkg/logger.Fatal\n\t/app/pkg/logger/logger.go:107\nmain.main\n\t/app/cmd/server/main.go:59\nruntime.main\n\t/usr/local/go/src/runtime/proc.go:272"}
{"level":"INFO","timestamp":"2025-08-29T09:36:42.078Z","caller":"logger/logger.go:86","msg":"启动AutoCodeWeb后端服务"}
{"level":"FATAL","timestamp":"2025-08-29T09:36:45.414Z","caller":"logger/logger.go:107","msg":"连接数据库失败","error":"连接数据库失败: failed to connect to `host=postgres user=autocodeweb database=autocodeweb`: hostname resolving error (lookup postgres on 127.0.0.11:53: no such host)","stacktrace":"autocodeweb-backend/pkg/logger.Fatal\n\t/app/pkg/logger/logger.go:107\nmain.main\n\t/app/cmd/server/main.go:59\nruntime.main\n\t/usr/local/go/src/runtime/proc.go:272"}
{"level":"INFO","timestamp":"2025-08-29T09:36:46.399Z","caller":"logger/logger.go:86","msg":"启动AutoCodeWeb后端服务"}
{"level":"FATAL","timestamp":"2025-08-29T09:36:49.739Z","caller":"logger/logger.go:107","msg":"连接数据库失败","error":"连接数据库失败: failed to connect to `host=postgres user=autocodeweb database=autocodeweb`: hostname resolving error (lookup postgres on 127.0.0.11:53: no such host)","stacktrace":"autocodeweb-backend/pkg/logger.Fatal\n\t/app/pkg/logger/logger.go:107\nmain.main\n\t/app/cmd/server/main.go:59\nruntime.main\n\t/usr/local/go/src/runtime/proc.go:272"}
{"level":"INFO","timestamp":"2025-08-29T09:36:51.544Z","caller":"logger/logger.go:86","msg":"启动AutoCodeWeb后端服务"}
{"level":"FATAL","timestamp":"2025-08-29T09:36:54.835Z","caller":"logger/logger.go:107","msg":"连接数据库失败","error":"连接数据库失败: failed to connect to `host=postgres user=autocodeweb database=autocodeweb`: hostname resolving error (lookup postgres on 127.0.0.11:53: no such host)","stacktrace":"autocodeweb-backend/pkg/logger.Fatal\n\t/app/pkg/logger/logger.go:107\nmain.main\n\t/app/cmd/server/main.go:59\nruntime.main\n\t/usr/local/go/src/runtime/proc.go:272"}
{"level":"INFO","timestamp":"2025-08-29T09:36:58.325Z","caller":"logger/logger.go:86","msg":"启动AutoCodeWeb后端服务"}
{"level":"FATAL","timestamp":"2025-08-29T09:37:01.644Z","caller":"logger/logger.go:107","msg":"连接数据库失败","error":"连接数据库失败: failed to connect to `host=postgres user=autocodeweb database=autocodeweb`: hostname resolving error (lookup postgres on 127.0.0.11:53: no such host)","stacktrace":"autocodeweb-backend/pkg/logger.Fatal\n\t/app/pkg/logger/logger.go:107\nmain.main\n\t/app/cmd/server/main.go:59\nruntime.main\n\t/usr/local/go/src/runtime/proc.go:272"}
{"level":"INFO","timestamp":"2025-08-29T09:37:08.239Z","caller":"logger/logger.go:86","msg":"启动AutoCodeWeb后端服务"}
{"level":"FATAL","timestamp":"2025-08-29T09:37:11.586Z","caller":"logger/logger.go:107","msg":"连接数据库失败","error":"连接数据库失败: failed to connect to `host=postgres user=autocodeweb database=autocodeweb`: hostname resolving error (lookup postgres on 127.0.0.11:53: no such host)","stacktrace":"autocodeweb-backend/pkg/logger.Fatal\n\t/app/pkg/logger/logger.go:107\nmain.main\n\t/app/cmd/server/main.go:59\nruntime.main\n\t/usr/local/go/src/runtime/proc.go:272"}
{"level":"INFO","timestamp":"2025-08-29T09:37:24.585Z","caller":"logger/logger.go:86","msg":"启动AutoCodeWeb后端服务"}
{"level":"FATAL","timestamp":"2025-08-29T09:37:27.913Z","caller":"logger/logger.go:107","msg":"连接数据库失败","error":"连接数据库失败: failed to connect to `host=postgres user=autocodeweb database=autocodeweb`: hostname resolving error (lookup postgres on 127.0.0.11:53: no such host)","stacktrace":"autocodeweb-backend/pkg/logger.Fatal\n\t/app/pkg/logger/logger.go:107\nmain.main\n\t/app/cmd/server/main.go:59\nruntime.main\n\t/usr/local/go/src/runtime/proc.go:272"}
{"level":"INFO","timestamp":"2025-08-29T09:37:53.711Z","caller":"logger/logger.go:86","msg":"启动AutoCodeWeb后端服务"}
{"level":"FATAL","timestamp":"2025-08-29T09:37:57.026Z","caller":"logger/logger.go:107","msg":"连接数据库失败","error":"连接数据库失败: failed to connect to `host=postgres user=autocodeweb database=autocodeweb`: hostname resolving error (lookup postgres on 127.0.0.11:53: no such host)","stacktrace":"autocodeweb-backend/pkg/logger.Fatal\n\t/app/pkg/logger/logger.go:107\nmain.main\n\t/app/cmd/server/main.go:59\nruntime.main\n\t/usr/local/go/src/runtime/proc.go:272"}
{"level":"INFO","timestamp":"2025-08-29T09:38:48.436Z","caller":"logger/logger.go:86","msg":"启动AutoCodeWeb后端服务"}
{"level":"FATAL","timestamp":"2025-08-29T09:38:51.771Z","caller":"logger/logger.go:107","msg":"连接数据库失败","error":"连接数据库失败: failed to connect to `host=postgres user=autocodeweb database=autocodeweb`: hostname resolving error (lookup postgres on 127.0.0.11:53: no such host)","stacktrace":"autocodeweb-backend/pkg/logger.Fatal\n\t/app/pkg/logger/logger.go:107\nmain.main\n\t/app/cmd/server/main.go:59\nruntime.main\n\t/usr/local/go/src/runtime/proc.go:272"}
{"level":"INFO","timestamp":"2025-08-29T09:39:51.979Z","caller":"logger/logger.go:86","msg":"启动AutoCodeWeb后端服务"}
{"level":"FATAL","timestamp":"2025-08-29T09:39:59.270Z","caller":"logger/logger.go:107","msg":"连接数据库失败","error":"连接数据库失败: failed to connect to `host=postgres user=autocodeweb database=autocodeweb`: hostname resolving error (lookup postgres on 127.0.0.11:53: no such host)","stacktrace":"autocodeweb-backend/pkg/logger.Fatal\n\t/app/pkg/logger/logger.go:107\nmain.main\n\t/app/cmd/server/main.go:59\nruntime.main\n\t/usr/local/go/src/runtime/proc.go:272"}
{"level":"INFO","timestamp":"2025-08-29T09:41:47.629Z","caller":"logger/logger.go:86","msg":"启动AutoCodeWeb后端服务"}
{"level":"FATAL","timestamp":"2025-08-29T09:41:48.027Z","caller":"logger/logger.go:107","msg":"连接数据库失败","error":"创建约束失败: 创建项目外键约束失败: ERROR: syntax error at or near \"NOT\" (SQLSTATE 42601)","stacktrace":"autocodeweb-backend/pkg/logger.Fatal\n\t/app/pkg/logger/logger.go:107\nmain.main\n\t/app/cmd/server/main.go:59\nruntime.main\n\t/usr/local/go/src/runtime/proc.go:272"}
{"level":"INFO","timestamp":"2025-08-29T09:41:48.404Z","caller":"logger/logger.go:86","msg":"启动AutoCodeWeb后端服务"}
{"level":"FATAL","timestamp":"2025-08-29T09:41:48.627Z","caller":"logger/logger.go:107","msg":"连接数据库失败","error":"创建约束失败: 创建项目外键约束失败: ERROR: syntax error at or near \"NOT\" (SQLSTATE 42601)","stacktrace":"autocodeweb-backend/pkg/logger.Fatal\n\t/app/pkg/logger/logger.go:107\nmain.main\n\t/app/cmd/server/main.go:59\nruntime.main\n\t/usr/local/go/src/runtime/proc.go:272"}
{"level":"INFO","timestamp":"2025-08-29T09:41:49.044Z","caller":"logger/logger.go:86","msg":"启动AutoCodeWeb后端服务"}
{"level":"FATAL","timestamp":"2025-08-29T09:41:49.274Z","caller":"logger/logger.go:107","msg":"连接数据库失败","error":"创建约束失败: 创建项目外键约束失败: ERROR: syntax error at or near \"NOT\" (SQLSTATE 42601)","stacktrace":"autocodeweb-backend/pkg/logger.Fatal\n\t/app/pkg/logger/logger.go:107\nmain.main\n\t/app/cmd/server/main.go:59\nruntime.main\n\t/usr/local/go/src/runtime/proc.go:272"}
{"level":"INFO","timestamp":"2025-08-29T09:41:49.882Z","caller":"logger/logger.go:86","msg":"启动AutoCodeWeb后端服务"}
{"level":"FATAL","timestamp":"2025-08-29T09:41:50.102Z","caller":"logger/logger.go:107","msg":"连接数据库失败","error":"创建约束失败: 创建项目外键约束失败: ERROR: syntax error at or near \"NOT\" (SQLSTATE 42601)","stacktrace":"autocodeweb-backend/pkg/logger.Fatal\n\t/app/pkg/logger/logger.go:107\nmain.main\n\t/app/cmd/server/main.go:59\nruntime.main\n\t/usr/local/go/src/runtime/proc.go:272"}
{"level":"INFO","timestamp":"2025-08-29T09:41:51.095Z","caller":"logger/logger.go:86","msg":"启动AutoCodeWeb后端服务"}
{"level":"FATAL","timestamp":"2025-08-29T09:41:51.334Z","caller":"logger/logger.go:107","msg":"连接数据库失败","error":"创建约束失败: 创建项目外键约束失败: ERROR: syntax error at or near \"NOT\" (SQLSTATE 42601)","stacktrace":"autocodeweb-backend/pkg/logger.Fatal\n\t/app/pkg/logger/logger.go:107\nmain.main\n\t/app/cmd/server/main.go:59\nruntime.main\n\t/usr/local/go/src/runtime/proc.go:272"}
{"level":"INFO","timestamp":"2025-08-29T09:41:53.133Z","caller":"logger/logger.go:86","msg":"启动AutoCodeWeb后端服务"}
{"level":"FATAL","timestamp":"2025-08-29T09:41:53.360Z","caller":"logger/logger.go:107","msg":"连接数据库失败","error":"创建约束失败: 创建项目外键约束失败: ERROR: syntax error at or near \"NOT\" (SQLSTATE 42601)","stacktrace":"autocodeweb-backend/pkg/logger.Fatal\n\t/app/pkg/logger/logger.go:107\nmain.main\n\t/app/cmd/server/main.go:59\nruntime.main\n\t/usr/local/go/src/runtime/proc.go:272"}
{"level":"INFO","timestamp":"2025-08-29T09:41:56.724Z","caller":"logger/logger.go:86","msg":"启动AutoCodeWeb后端服务"}
{"level":"FATAL","timestamp":"2025-08-29T09:41:56.970Z","caller":"logger/logger.go:107","msg":"连接数据库失败","error":"创建约束失败: 创建项目外键约束失败: ERROR: syntax error at or near \"NOT\" (SQLSTATE 42601)","stacktrace":"autocodeweb-backend/pkg/logger.Fatal\n\t/app/pkg/logger/logger.go:107\nmain.main\n\t/app/cmd/server/main.go:59\nruntime.main\n\t/usr/local/go/src/runtime/proc.go:272"}
{"level":"INFO","timestamp":"2025-08-29T09:42:03.544Z","caller":"logger/logger.go:86","msg":"启动AutoCodeWeb后端服务"}
{"level":"FATAL","timestamp":"2025-08-29T09:42:03.765Z","caller":"logger/logger.go:107","msg":"连接数据库失败","error":"创建约束失败: 创建项目外键约束失败: ERROR: syntax error at or near \"NOT\" (SQLSTATE 42601)","stacktrace":"autocodeweb-backend/pkg/logger.Fatal\n\t/app/pkg/logger/logger.go:107\nmain.main\n\t/app/cmd/server/main.go:59\nruntime.main\n\t/usr/local/go/src/runtime/proc.go:272"}
{"level":"INFO","timestamp":"2025-08-29T09:42:16.834Z","caller":"logger/logger.go:86","msg":"启动AutoCodeWeb后端服务"}
{"level":"FATAL","timestamp":"2025-08-29T09:42:17.085Z","caller":"logger/logger.go:107","msg":"连接数据库失败","error":"创建约束失败: 创建项目外键约束失败: ERROR: syntax error at or near \"NOT\" (SQLSTATE 42601)","stacktrace":"autocodeweb-backend/pkg/logger.Fatal\n\t/app/pkg/logger/logger.go:107\nmain.main\n\t/app/cmd/server/main.go:59\nruntime.main\n\t/usr/local/go/src/runtime/proc.go:272"}
{"level":"INFO","timestamp":"2025-08-29T09:42:42.892Z","caller":"logger/logger.go:86","msg":"启动AutoCodeWeb后端服务"}
{"level":"FATAL","timestamp":"2025-08-29T09:42:43.107Z","caller":"logger/logger.go:107","msg":"连接数据库失败","error":"创建约束失败: 创建项目外键约束失败: ERROR: syntax error at or near \"NOT\" (SQLSTATE 42601)","stacktrace":"autocodeweb-backend/pkg/logger.Fatal\n\t/app/pkg/logger/logger.go:107\nmain.main\n\t/app/cmd/server/main.go:59\nruntime.main\n\t/usr/local/go/src/runtime/proc.go:272"}
{"level":"INFO","timestamp":"2025-08-29T09:43:34.517Z","caller":"logger/logger.go:86","msg":"启动AutoCodeWeb后端服务"}
{"level":"FATAL","timestamp":"2025-08-29T09:43:34.743Z","caller":"logger/logger.go:107","msg":"连接数据库失败","error":"创建约束失败: 创建项目外键约束失败: ERROR: syntax error at or near \"NOT\" (SQLSTATE 42601)","stacktrace":"autocodeweb-backend/pkg/logger.Fatal\n\t/app/pkg/logger/logger.go:107\nmain.main\n\t/app/cmd/server/main.go:59\nruntime.main\n\t/usr/local/go/src/runtime/proc.go:272"}
{"level":"INFO","timestamp":"2025-08-29T09:44:34.945Z","caller":"logger/logger.go:86","msg":"启动AutoCodeWeb后端服务"}
{"level":"FATAL","timestamp":"2025-08-29T09:44:35.273Z","caller":"logger/logger.go:107","msg":"连接数据库失败","error":"创建约束失败: 创建项目外键约束失败: ERROR: syntax error at or near \"NOT\" (SQLSTATE 42601)","stacktrace":"autocodeweb-backend/pkg/logger.Fatal\n\t/app/pkg/logger/logger.go:107\nmain.main\n\t/app/cmd/server/main.go:59\nruntime.main\n\t/usr/local/go/src/runtime/proc.go:272"}
{"level":"INFO","timestamp":"2025-08-29T09:45:28.197Z","caller":"logger/logger.go:86","msg":"启动AutoCodeWeb后端服务"}
{"level":"FATAL","timestamp":"2025-08-29T09:45:28.438Z","caller":"logger/logger.go:107","msg":"连接数据库失败","error":"创建约束失败: 创建项目外键约束失败: ERROR: syntax error at or near \"NOT\" (SQLSTATE 42601)","stacktrace":"autocodeweb-backend/pkg/logger.Fatal\n\t/app/pkg/logger/logger.go:107\nmain.main\n\t/app/cmd/server/main.go:59\nruntime.main\n\t/usr/local/go/src/runtime/proc.go:272"}
{"level":"INFO","timestamp":"2025-08-29T09:45:28.828Z","caller":"logger/logger.go:86","msg":"启动AutoCodeWeb后端服务"}
{"level":"FATAL","timestamp":"2025-08-29T09:45:29.060Z","caller":"logger/logger.go:107","msg":"连接数据库失败","error":"创建约束失败: 创建项目外键约束失败: ERROR: syntax error at or near \"NOT\" (SQLSTATE 42601)","stacktrace":"autocodeweb-backend/pkg/logger.Fatal\n\t/app/pkg/logger/logger.go:107\nmain.main\n\t/app/cmd/server/main.go:59\nruntime.main\n\t/usr/local/go/src/runtime/proc.go:272"}
{"level":"INFO","timestamp":"2025-08-29T09:45:29.448Z","caller":"logger/logger.go:86","msg":"启动AutoCodeWeb后端服务"}
{"level":"FATAL","timestamp":"2025-08-29T09:45:29.679Z","caller":"logger/logger.go:107","msg":"连接数据库失败","error":"创建约束失败: 创建项目外键约束失败: ERROR: syntax error at or near \"NOT\" (SQLSTATE 42601)","stacktrace":"autocodeweb-backend/pkg/logger.Fatal\n\t/app/pkg/logger/logger.go:107\nmain.main\n\t/app/cmd/server/main.go:59\nruntime.main\n\t/usr/local/go/src/runtime/proc.go:272"}
{"level":"INFO","timestamp":"2025-08-29T09:45:30.285Z","caller":"logger/logger.go:86","msg":"启动AutoCodeWeb后端服务"}
{"level":"FATAL","timestamp":"2025-08-29T09:45:30.505Z","caller":"logger/logger.go:107","msg":"连接数据库失败","error":"创建约束失败: 创建项目外键约束失败: ERROR: syntax error at or near \"NOT\" (SQLSTATE 42601)","stacktrace":"autocodeweb-backend/pkg/logger.Fatal\n\t/app/pkg/logger/logger.go:107\nmain.main\n\t/app/cmd/server/main.go:59\nruntime.main\n\t/usr/local/go/src/runtime/proc.go:272"}
{"level":"INFO","timestamp":"2025-08-29T09:45:31.501Z","caller":"logger/logger.go:86","msg":"启动AutoCodeWeb后端服务"}
{"level":"FATAL","timestamp":"2025-08-29T09:45:31.728Z","caller":"logger/logger.go:107","msg":"连接数据库失败","error":"创建约束失败: 创建项目外键约束失败: ERROR: syntax error at or near \"NOT\" (SQLSTATE 42601)","stacktrace":"autocodeweb-backend/pkg/logger.Fatal\n\t/app/pkg/logger/logger.go:107\nmain.main\n\t/app/cmd/server/main.go:59\nruntime.main\n\t/usr/local/go/src/runtime/proc.go:272"}
{"level":"INFO","timestamp":"2025-08-29T09:45:33.523Z","caller":"logger/logger.go:86","msg":"启动AutoCodeWeb后端服务"}
{"level":"FATAL","timestamp":"2025-08-29T09:45:33.755Z","caller":"logger/logger.go:107","msg":"连接数据库失败","error":"创建约束失败: 创建项目外键约束失败: ERROR: syntax error at or near \"NOT\" (SQLSTATE 42601)","stacktrace":"autocodeweb-backend/pkg/logger.Fatal\n\t/app/pkg/logger/logger.go:107\nmain.main\n\t/app/cmd/server/main.go:59\nruntime.main\n\t/usr/local/go/src/runtime/proc.go:272"}
{"level":"INFO","timestamp":"2025-08-29T09:45:37.205Z","caller":"logger/logger.go:86","msg":"启动AutoCodeWeb后端服务"}
{"level":"FATAL","timestamp":"2025-08-29T09:45:37.456Z","caller":"logger/logger.go:107","msg":"连接数据库失败","error":"创建约束失败: 创建项目外键约束失败: ERROR: syntax error at or near \"NOT\" (SQLSTATE 42601)","stacktrace":"autocodeweb-backend/pkg/logger.Fatal\n\t/app/pkg/logger/logger.go:107\nmain.main\n\t/app/cmd/server/main.go:59\nruntime.main\n\t/usr/local/go/src/runtime/proc.go:272"}
{"level":"INFO","timestamp":"2025-08-29T09:45:44.089Z","caller":"logger/logger.go:86","msg":"启动AutoCodeWeb后端服务"}
{"level":"FATAL","timestamp":"2025-08-29T09:45:44.318Z","caller":"logger/logger.go:107","msg":"连接数据库失败","error":"创建约束失败: 创建项目外键约束失败: ERROR: syntax error at or near \"NOT\" (SQLSTATE 42601)","stacktrace":"autocodeweb-backend/pkg/logger.Fatal\n\t/app/pkg/logger/logger.go:107\nmain.main\n\t/app/cmd/server/main.go:59\nruntime.main\n\t/usr/local/go/src/runtime/proc.go:272"}
{"level":"INFO","timestamp":"2025-08-29T09:45:57.319Z","caller":"logger/logger.go:86","msg":"启动AutoCodeWeb后端服务"}
{"level":"FATAL","timestamp":"2025-08-29T09:45:57.568Z","caller":"logger/logger.go:107","msg":"连接数据库失败","error":"创建约束失败: 创建项目外键约束失败: ERROR: syntax error at or near \"NOT\" (SQLSTATE 42601)","stacktrace":"autocodeweb-backend/pkg/logger.Fatal\n\t/app/pkg/logger/logger.go:107\nmain.main\n\t/app/cmd/server/main.go:59\nruntime.main\n\t/usr/local/go/src/runtime/proc.go:272"}
{"level":"INFO","timestamp":"2025-08-29T09:46:23.387Z","caller":"logger/logger.go:86","msg":"启动AutoCodeWeb后端服务"}
{"level":"FATAL","timestamp":"2025-08-29T09:46:23.727Z","caller":"logger/logger.go:107","msg":"连接数据库失败","error":"创建约束失败: 创建项目外键约束失败: ERROR: syntax error at or near \"NOT\" (SQLSTATE 42601)","stacktrace":"autocodeweb-backend/pkg/logger.Fatal\n\t/app/pkg/logger/logger.go:107\nmain.main\n\t/app/cmd/server/main.go:59\nruntime.main\n\t/usr/local/go/src/runtime/proc.go:272"}
{"level":"INFO","timestamp":"2025-08-29T09:47:15.117Z","caller":"logger/logger.go:86","msg":"启动AutoCodeWeb后端服务"}
{"level":"FATAL","timestamp":"2025-08-29T09:47:15.363Z","caller":"logger/logger.go:107","msg":"连接数据库失败","error":"创建约束失败: 创建项目外键约束失败: ERROR: syntax error at or near \"NOT\" (SQLSTATE 42601)","stacktrace":"autocodeweb-backend/pkg/logger.Fatal\n\t/app/pkg/logger/logger.go:107\nmain.main\n\t/app/cmd/server/main.go:59\nruntime.main\n\t/usr/local/go/src/runtime/proc.go:272"}
{"level":"INFO","timestamp":"2025-08-29T09:48:15.566Z","caller":"logger/logger.go:86","msg":"启动AutoCodeWeb后端服务"}
{"level":"FATAL","timestamp":"2025-08-29T09:48:15.802Z","caller":"logger/logger.go:107","msg":"连接数据库失败","error":"创建约束失败: 创建项目外键约束失败: ERROR: syntax error at or near \"NOT\" (SQLSTATE 42601)","stacktrace":"autocodeweb-backend/pkg/logger.Fatal\n\t/app/pkg/logger/logger.go:107\nmain.main\n\t/app/cmd/server/main.go:59\nruntime.main\n\t/usr/local/go/src/runtime/proc.go:272"}
{"level":"INFO","timestamp":"2025-08-29T09:49:16.021Z","caller":"logger/logger.go:86","msg":"启动AutoCodeWeb后端服务"}
{"level":"FATAL","timestamp":"2025-08-29T09:49:16.263Z","caller":"logger/logger.go:107","msg":"连接数据库失败","error":"创建约束失败: 创建项目外键约束失败: ERROR: syntax error at or near \"NOT\" (SQLSTATE 42601)","stacktrace":"autocodeweb-backend/pkg/logger.Fatal\n\t/app/pkg/logger/logger.go:107\nmain.main\n\t/app/cmd/server/main.go:59\nruntime.main\n\t/usr/local/go/src/runtime/proc.go:272"}
{"level":"INFO","timestamp":"2025-08-29T09:53:12.641Z","caller":"logger/logger.go:86","msg":"启动AutoCodeWeb后端服务"}
{"level":"INFO","timestamp":"2025-08-29T09:53:12.649Z","caller":"logger/logger.go:86","msg":"Redis连接成功"}
{"level":"INFO","timestamp":"2025-08-29T09:53:12.649Z","caller":"logger/logger.go:86","msg":"服务器启动在端口 8080"}
